mode: atomic
github.com/retail-ai-inc/beanq/v4/helper/bstatus/error.go:10.33,10.53 1 0
github.com/retail-ai-inc/beanq/v4/helper/bstatus/error.go:12.33,14.2 1 0
github.com/retail-ai-inc/beanq/v4/helper/bgzip/gzip.go:15.64,17.2 1 0
github.com/retail-ai-inc/beanq/v4/helper/bgzip/gzip.go:19.46,20.45 1 0
github.com/retail-ai-inc/beanq/v4/helper/bgzip/gzip.go:20.45,22.3 1 0
github.com/retail-ai-inc/beanq/v4/helper/bgzip/gzip.go:23.2,23.12 1 0
github.com/retail-ai-inc/beanq/v4/helper/bgzip/gzip.go:26.80,28.16 2 0
github.com/retail-ai-inc/beanq/v4/helper/bgzip/gzip.go:28.16,30.3 1 0
github.com/retail-ai-inc/beanq/v4/helper/bgzip/gzip.go:31.2,34.8 1 0
github.com/retail-ai-inc/beanq/v4/helper/bgzip/gzip.go:37.46,40.29 3 0
github.com/retail-ai-inc/beanq/v4/helper/bgzip/gzip.go:40.29,41.40 1 0
github.com/retail-ai-inc/beanq/v4/helper/bgzip/gzip.go:41.40,43.4 1 0
github.com/retail-ai-inc/beanq/v4/helper/bgzip/gzip.go:45.2,45.14 1 0
github.com/retail-ai-inc/beanq/v4/helper/bmongo/client.go:38.50,42.67 2 0
github.com/retail-ai-inc/beanq/v4/helper/bmongo/client.go:42.67,44.3 1 0
github.com/retail-ai-inc/beanq/v4/helper/bmongo/client.go:45.2,45.70 1 0
github.com/retail-ai-inc/beanq/v4/helper/bmongo/client.go:45.70,47.3 1 0
github.com/retail-ai-inc/beanq/v4/helper/bmongo/client.go:50.2,51.73 2 0
github.com/retail-ai-inc/beanq/v4/helper/bmongo/client.go:51.73,53.3 1 0
github.com/retail-ai-inc/beanq/v4/helper/bmongo/client.go:56.2,57.71 2 0
github.com/retail-ai-inc/beanq/v4/helper/bmongo/client.go:57.71,59.3 1 0
github.com/retail-ai-inc/beanq/v4/helper/bmongo/client.go:60.2,60.77 1 0
github.com/retail-ai-inc/beanq/v4/helper/bmongo/client.go:60.77,62.3 1 0
github.com/retail-ai-inc/beanq/v4/helper/bmongo/client.go:65.2,66.66 2 0
github.com/retail-ai-inc/beanq/v4/helper/bmongo/client.go:66.66,68.3 1 0
github.com/retail-ai-inc/beanq/v4/helper/bmongo/client.go:69.2,69.82 1 0
github.com/retail-ai-inc/beanq/v4/helper/bmongo/client.go:69.82,71.3 1 0
github.com/retail-ai-inc/beanq/v4/helper/bmongo/client.go:74.2,75.65 2 0
github.com/retail-ai-inc/beanq/v4/helper/bmongo/client.go:75.65,77.3 1 0
github.com/retail-ai-inc/beanq/v4/helper/bmongo/client.go:78.2,78.71 1 0
github.com/retail-ai-inc/beanq/v4/helper/bmongo/client.go:78.71,80.3 1 0
github.com/retail-ai-inc/beanq/v4/helper/bmongo/client.go:81.2,81.12 1 0
github.com/retail-ai-inc/beanq/v4/helper/bmongo/client.go:89.47,90.22 1 0
github.com/retail-ai-inc/beanq/v4/helper/bmongo/client.go:90.22,101.39 5 0
github.com/retail-ai-inc/beanq/v4/helper/bmongo/client.go:101.39,108.4 2 0
github.com/retail-ai-inc/beanq/v4/helper/bmongo/client.go:110.3,114.17 4 0
github.com/retail-ai-inc/beanq/v4/helper/bmongo/client.go:114.17,116.4 1 0
github.com/retail-ai-inc/beanq/v4/helper/bmongo/client.go:117.3,117.47 1 0
github.com/retail-ai-inc/beanq/v4/helper/bmongo/client.go:117.47,119.4 1 0
github.com/retail-ai-inc/beanq/v4/helper/bmongo/client.go:121.3,129.40 2 0
github.com/retail-ai-inc/beanq/v4/helper/bmongo/client.go:129.40,131.4 1 0
github.com/retail-ai-inc/beanq/v4/helper/bmongo/client.go:132.3,132.43 1 0
github.com/retail-ai-inc/beanq/v4/helper/bmongo/client.go:132.43,134.4 1 0
github.com/retail-ai-inc/beanq/v4/helper/bmongo/client.go:135.3,135.42 1 0
github.com/retail-ai-inc/beanq/v4/helper/bmongo/client.go:135.42,137.4 1 0
github.com/retail-ai-inc/beanq/v4/helper/bmongo/client.go:138.3,138.38 1 0
github.com/retail-ai-inc/beanq/v4/helper/bmongo/client.go:138.38,140.4 1 0
github.com/retail-ai-inc/beanq/v4/helper/bmongo/client.go:141.3,141.40 1 0
github.com/retail-ai-inc/beanq/v4/helper/bmongo/client.go:141.40,143.4 1 0
github.com/retail-ai-inc/beanq/v4/helper/bmongo/client.go:144.3,145.47 2 0
github.com/retail-ai-inc/beanq/v4/helper/bmongo/client.go:145.47,147.4 1 0
github.com/retail-ai-inc/beanq/v4/helper/bmongo/client.go:149.2,149.12 1 0
github.com/retail-ai-inc/beanq/v4/helper/bmongo/client.go:152.83,158.16 5 0
github.com/retail-ai-inc/beanq/v4/helper/bmongo/client.go:158.16,160.3 1 0
github.com/retail-ai-inc/beanq/v4/helper/bmongo/client.go:161.2,161.19 1 0
github.com/retail-ai-inc/beanq/v4/helper/bmongo/client.go:164.114,166.14 2 0
github.com/retail-ai-inc/beanq/v4/helper/bmongo/client.go:166.14,168.3 1 0
github.com/retail-ai-inc/beanq/v4/helper/bmongo/client.go:169.2,175.15 6 0
github.com/retail-ai-inc/beanq/v4/helper/bmongo/client.go:175.15,177.3 1 0
github.com/retail-ai-inc/beanq/v4/helper/bmongo/client.go:178.2,178.16 1 0
github.com/retail-ai-inc/beanq/v4/helper/bmongo/client.go:178.16,180.3 1 0
github.com/retail-ai-inc/beanq/v4/helper/bmongo/client.go:181.2,182.47 2 0
github.com/retail-ai-inc/beanq/v4/helper/bmongo/client.go:182.47,184.3 1 0
github.com/retail-ai-inc/beanq/v4/helper/bmongo/client.go:185.2,186.16 2 0
github.com/retail-ai-inc/beanq/v4/helper/bmongo/client.go:186.16,188.3 1 0
github.com/retail-ai-inc/beanq/v4/helper/bmongo/client.go:189.2,189.25 1 0
github.com/retail-ai-inc/beanq/v4/helper/bmongo/client.go:192.113,194.14 2 0
github.com/retail-ai-inc/beanq/v4/helper/bmongo/client.go:194.14,196.3 1 0
github.com/retail-ai-inc/beanq/v4/helper/bmongo/client.go:197.2,203.15 6 0
github.com/retail-ai-inc/beanq/v4/helper/bmongo/client.go:203.15,205.3 1 0
github.com/retail-ai-inc/beanq/v4/helper/bmongo/client.go:206.2,206.16 1 0
github.com/retail-ai-inc/beanq/v4/helper/bmongo/client.go:206.16,208.3 1 0
github.com/retail-ai-inc/beanq/v4/helper/bmongo/client.go:209.2,210.47 2 0
github.com/retail-ai-inc/beanq/v4/helper/bmongo/client.go:210.47,212.3 1 0
github.com/retail-ai-inc/beanq/v4/helper/bmongo/client.go:213.2,214.16 2 0
github.com/retail-ai-inc/beanq/v4/helper/bmongo/client.go:214.16,216.3 1 0
github.com/retail-ai-inc/beanq/v4/helper/bmongo/client.go:217.2,217.65 1 0
github.com/retail-ai-inc/beanq/v4/helper/bmongo/client.go:220.81,223.14 2 0
github.com/retail-ai-inc/beanq/v4/helper/bmongo/client.go:223.14,224.65 1 0
github.com/retail-ai-inc/beanq/v4/helper/bmongo/client.go:224.65,226.4 1 0
github.com/retail-ai-inc/beanq/v4/helper/bmongo/client.go:226.9,228.4 1 0
github.com/retail-ai-inc/beanq/v4/helper/bmongo/client.go:231.2,232.37 2 0
github.com/retail-ai-inc/beanq/v4/helper/bmongo/client.go:232.37,234.3 1 0
github.com/retail-ai-inc/beanq/v4/helper/bmongo/client.go:235.2,236.45 2 0
github.com/retail-ai-inc/beanq/v4/helper/bmongo/client.go:236.45,238.3 1 0
github.com/retail-ai-inc/beanq/v4/helper/bmongo/client.go:239.2,239.18 1 0
github.com/retail-ai-inc/beanq/v4/helper/bmongo/client.go:242.80,244.14 2 0
github.com/retail-ai-inc/beanq/v4/helper/bmongo/client.go:244.14,246.3 1 0
github.com/retail-ai-inc/beanq/v4/helper/bmongo/client.go:247.2,248.92 2 0
github.com/retail-ai-inc/beanq/v4/helper/bmongo/client.go:248.92,249.43 1 0
github.com/retail-ai-inc/beanq/v4/helper/bmongo/client.go:249.43,251.4 1 0
github.com/retail-ai-inc/beanq/v4/helper/bmongo/client.go:252.3,252.20 1 0
github.com/retail-ai-inc/beanq/v4/helper/bmongo/client.go:254.2,254.19 1 0
github.com/retail-ai-inc/beanq/v4/helper/bmongo/client.go:257.72,259.14 2 0
github.com/retail-ai-inc/beanq/v4/helper/bmongo/client.go:259.14,261.17 2 0
github.com/retail-ai-inc/beanq/v4/helper/bmongo/client.go:261.17,263.4 1 0
github.com/retail-ai-inc/beanq/v4/helper/bmongo/client.go:264.3,264.22 1 0
github.com/retail-ai-inc/beanq/v4/helper/bmongo/client.go:267.2,268.16 2 0
github.com/retail-ai-inc/beanq/v4/helper/bmongo/client.go:268.16,270.3 1 0
github.com/retail-ai-inc/beanq/v4/helper/bmongo/client.go:271.2,271.33 1 0
github.com/retail-ai-inc/beanq/v4/helper/bmongo/client.go:274.83,276.14 2 0
github.com/retail-ai-inc/beanq/v4/helper/bmongo/client.go:276.14,278.17 2 0
github.com/retail-ai-inc/beanq/v4/helper/bmongo/client.go:278.17,280.4 1 0
github.com/retail-ai-inc/beanq/v4/helper/bmongo/client.go:281.3,281.22 1 0
github.com/retail-ai-inc/beanq/v4/helper/bmongo/client.go:283.2,287.16 3 0
github.com/retail-ai-inc/beanq/v4/helper/bmongo/client.go:287.16,289.3 1 0
github.com/retail-ai-inc/beanq/v4/helper/bmongo/client.go:290.2,290.34 1 0
github.com/retail-ai-inc/beanq/v4/helper/bmongo/client.go:293.76,297.2 2 0
github.com/retail-ai-inc/beanq/v4/helper/bmongo/client.go:299.94,302.14 2 0
github.com/retail-ai-inc/beanq/v4/helper/bmongo/client.go:302.14,304.3 1 0
github.com/retail-ai-inc/beanq/v4/helper/bmongo/client.go:305.2,313.16 7 0
github.com/retail-ai-inc/beanq/v4/helper/bmongo/client.go:313.16,315.3 1 0
github.com/retail-ai-inc/beanq/v4/helper/bmongo/client.go:316.2,316.15 1 0
github.com/retail-ai-inc/beanq/v4/helper/bmongo/client.go:316.15,318.3 1 0
github.com/retail-ai-inc/beanq/v4/helper/bmongo/client.go:319.2,320.47 2 0
github.com/retail-ai-inc/beanq/v4/helper/bmongo/client.go:320.47,322.3 1 0
github.com/retail-ai-inc/beanq/v4/helper/bmongo/client.go:323.2,324.16 2 0
github.com/retail-ai-inc/beanq/v4/helper/bmongo/client.go:324.16,326.3 1 0
github.com/retail-ai-inc/beanq/v4/helper/bmongo/client.go:327.2,327.25 1 0
github.com/retail-ai-inc/beanq/v4/helper/bmongo/client.go:330.78,332.14 2 0
github.com/retail-ai-inc/beanq/v4/helper/bmongo/client.go:332.14,334.17 2 0
github.com/retail-ai-inc/beanq/v4/helper/bmongo/client.go:334.17,336.4 1 0
github.com/retail-ai-inc/beanq/v4/helper/bmongo/client.go:337.3,337.22 1 0
github.com/retail-ai-inc/beanq/v4/helper/bmongo/client.go:339.2,340.16 2 0
github.com/retail-ai-inc/beanq/v4/helper/bmongo/client.go:340.16,342.3 1 0
github.com/retail-ai-inc/beanq/v4/helper/bmongo/client.go:343.2,343.33 1 0
github.com/retail-ai-inc/beanq/v4/helper/bmongo/client.go:358.65,363.2 3 0
github.com/retail-ai-inc/beanq/v4/helper/bmongo/client.go:365.76,368.14 2 0
github.com/retail-ai-inc/beanq/v4/helper/bmongo/client.go:368.14,370.17 2 0
github.com/retail-ai-inc/beanq/v4/helper/bmongo/client.go:370.17,372.4 1 0
github.com/retail-ai-inc/beanq/v4/helper/bmongo/client.go:373.3,373.22 1 0
github.com/retail-ai-inc/beanq/v4/helper/bmongo/client.go:375.2,376.16 2 0
github.com/retail-ai-inc/beanq/v4/helper/bmongo/client.go:376.16,378.3 1 0
github.com/retail-ai-inc/beanq/v4/helper/bmongo/client.go:379.2,379.33 1 0
github.com/retail-ai-inc/beanq/v4/helper/bmongo/client.go:382.84,384.29 1 0
github.com/retail-ai-inc/beanq/v4/helper/bmongo/client.go:384.29,386.3 1 0
github.com/retail-ai-inc/beanq/v4/helper/bmongo/client.go:387.2,388.136 2 0
github.com/retail-ai-inc/beanq/v4/helper/bmongo/client.go:388.136,390.3 1 0
github.com/retail-ai-inc/beanq/v4/helper/bmongo/client.go:391.2,392.16 2 0
github.com/retail-ai-inc/beanq/v4/helper/bmongo/client.go:392.16,394.3 1 0
github.com/retail-ai-inc/beanq/v4/helper/bmongo/client.go:395.2,396.113 2 0
github.com/retail-ai-inc/beanq/v4/helper/bmongo/client.go:396.113,398.3 1 0
github.com/retail-ai-inc/beanq/v4/helper/bmongo/client.go:399.2,399.33 1 0
github.com/retail-ai-inc/beanq/v4/helper/bmongo/client.go:399.33,400.20 1 0
github.com/retail-ai-inc/beanq/v4/helper/bmongo/client.go:400.20,402.4 1 0
github.com/retail-ai-inc/beanq/v4/helper/bmongo/client.go:404.2,404.36 1 0
github.com/retail-ai-inc/beanq/v4/helper/bmongo/client.go:407.38,411.2 2 0
github.com/retail-ai-inc/beanq/v4/helper/bmongo/client.go:413.90,424.37 5 0
github.com/retail-ai-inc/beanq/v4/helper/bmongo/client.go:424.37,425.43 1 0
github.com/retail-ai-inc/beanq/v4/helper/bmongo/client.go:425.43,427.4 1 0
github.com/retail-ai-inc/beanq/v4/helper/bmongo/client.go:428.3,428.18 1 0
github.com/retail-ai-inc/beanq/v4/helper/bmongo/client.go:430.2,430.45 1 0
github.com/retail-ai-inc/beanq/v4/helper/bmongo/client.go:430.45,432.3 1 0
github.com/retail-ai-inc/beanq/v4/helper/bmongo/client.go:434.2,435.16 2 0
github.com/retail-ai-inc/beanq/v4/helper/bmongo/client.go:435.16,437.3 1 0
github.com/retail-ai-inc/beanq/v4/helper/bmongo/client.go:438.2,440.41 3 0
github.com/retail-ai-inc/beanq/v4/helper/bmongo/client.go:440.41,441.44 1 0
github.com/retail-ai-inc/beanq/v4/helper/bmongo/client.go:441.44,443.4 1 0
github.com/retail-ai-inc/beanq/v4/helper/bmongo/client.go:446.2,447.49 2 0
github.com/retail-ai-inc/beanq/v4/helper/bmongo/client.go:447.49,449.3 1 0
github.com/retail-ai-inc/beanq/v4/helper/bmongo/client.go:450.2,452.19 2 0
github.com/retail-ai-inc/beanq/v4/helper/bmongo/client.go:455.86,464.37 4 0
github.com/retail-ai-inc/beanq/v4/helper/bmongo/client.go:464.37,465.43 1 0
github.com/retail-ai-inc/beanq/v4/helper/bmongo/client.go:465.43,467.4 1 0
github.com/retail-ai-inc/beanq/v4/helper/bmongo/client.go:468.3,468.18 1 0
github.com/retail-ai-inc/beanq/v4/helper/bmongo/client.go:470.2,470.45 1 0
github.com/retail-ai-inc/beanq/v4/helper/bmongo/client.go:470.45,472.3 1 0
github.com/retail-ai-inc/beanq/v4/helper/bmongo/client.go:473.2,473.19 1 0
github.com/retail-ai-inc/beanq/v4/helper/bmongo/client.go:476.95,478.14 2 0
github.com/retail-ai-inc/beanq/v4/helper/bmongo/client.go:478.14,480.17 2 0
github.com/retail-ai-inc/beanq/v4/helper/bmongo/client.go:480.17,482.4 1 0
github.com/retail-ai-inc/beanq/v4/helper/bmongo/client.go:483.3,483.22 1 0
github.com/retail-ai-inc/beanq/v4/helper/bmongo/client.go:486.2,487.35 2 0
github.com/retail-ai-inc/beanq/v4/helper/bmongo/client.go:487.35,488.29 1 0
github.com/retail-ai-inc/beanq/v4/helper/bmongo/client.go:488.29,490.4 1 0
github.com/retail-ai-inc/beanq/v4/helper/bmongo/client.go:492.2,492.31 1 0
github.com/retail-ai-inc/beanq/v4/helper/bmongo/client.go:492.31,493.29 1 0
github.com/retail-ai-inc/beanq/v4/helper/bmongo/client.go:493.29,495.4 1 0
github.com/retail-ai-inc/beanq/v4/helper/bmongo/client.go:497.2,497.33 1 0
github.com/retail-ai-inc/beanq/v4/helper/bmongo/client.go:497.33,499.3 1 0
github.com/retail-ai-inc/beanq/v4/helper/bmongo/client.go:500.2,500.33 1 0
github.com/retail-ai-inc/beanq/v4/helper/bmongo/client.go:500.33,501.29 1 0
github.com/retail-ai-inc/beanq/v4/helper/bmongo/client.go:501.29,503.4 1 0
github.com/retail-ai-inc/beanq/v4/helper/bmongo/client.go:505.2,512.16 4 0
github.com/retail-ai-inc/beanq/v4/helper/bmongo/client.go:512.16,514.3 1 0
github.com/retail-ai-inc/beanq/v4/helper/bmongo/client.go:515.2,515.34 1 0
github.com/retail-ai-inc/beanq/v4/helper/bmongo/client.go:518.112,520.14 2 0
github.com/retail-ai-inc/beanq/v4/helper/bmongo/client.go:520.14,522.3 1 0
github.com/retail-ai-inc/beanq/v4/helper/bmongo/client.go:523.2,529.15 6 0
github.com/retail-ai-inc/beanq/v4/helper/bmongo/client.go:529.15,531.3 1 0
github.com/retail-ai-inc/beanq/v4/helper/bmongo/client.go:532.2,532.16 1 0
github.com/retail-ai-inc/beanq/v4/helper/bmongo/client.go:532.16,534.3 1 0
github.com/retail-ai-inc/beanq/v4/helper/bmongo/client.go:535.2,536.47 2 0
github.com/retail-ai-inc/beanq/v4/helper/bmongo/client.go:536.47,538.3 1 0
github.com/retail-ai-inc/beanq/v4/helper/bmongo/client.go:539.2,540.16 2 0
github.com/retail-ai-inc/beanq/v4/helper/bmongo/client.go:540.16,542.3 1 0
github.com/retail-ai-inc/beanq/v4/helper/bmongo/client.go:543.2,543.65 1 0
github.com/retail-ai-inc/beanq/v4/helper/bmongo/client.go:553.104,555.14 2 0
github.com/retail-ai-inc/beanq/v4/helper/bmongo/client.go:555.14,557.3 1 0
github.com/retail-ai-inc/beanq/v4/helper/bmongo/client.go:558.2,564.15 6 0
github.com/retail-ai-inc/beanq/v4/helper/bmongo/client.go:564.15,566.3 1 0
github.com/retail-ai-inc/beanq/v4/helper/bmongo/client.go:567.2,567.16 1 0
github.com/retail-ai-inc/beanq/v4/helper/bmongo/client.go:567.16,569.3 1 0
github.com/retail-ai-inc/beanq/v4/helper/bmongo/client.go:570.2,571.47 2 0
github.com/retail-ai-inc/beanq/v4/helper/bmongo/client.go:571.47,573.3 1 0
github.com/retail-ai-inc/beanq/v4/helper/bmongo/client.go:574.2,575.16 2 0
github.com/retail-ai-inc/beanq/v4/helper/bmongo/client.go:575.16,577.3 1 0
github.com/retail-ai-inc/beanq/v4/helper/bmongo/client.go:578.2,578.65 1 0
github.com/retail-ai-inc/beanq/v4/helper/bmongo/client.go:581.65,586.2 3 0
github.com/retail-ai-inc/beanq/v4/helper/bmongo/client.go:588.76,591.14 2 0
github.com/retail-ai-inc/beanq/v4/helper/bmongo/client.go:591.14,593.17 2 0
github.com/retail-ai-inc/beanq/v4/helper/bmongo/client.go:593.17,595.4 1 0
github.com/retail-ai-inc/beanq/v4/helper/bmongo/client.go:596.3,596.22 1 0
github.com/retail-ai-inc/beanq/v4/helper/bmongo/client.go:598.2,599.16 2 0
github.com/retail-ai-inc/beanq/v4/helper/bmongo/client.go:599.16,601.3 1 0
github.com/retail-ai-inc/beanq/v4/helper/bmongo/client.go:602.2,602.33 1 0
github.com/retail-ai-inc/beanq/v4/helper/bmongo/client.go:605.95,607.14 2 0
github.com/retail-ai-inc/beanq/v4/helper/bmongo/client.go:607.14,609.17 2 0
github.com/retail-ai-inc/beanq/v4/helper/bmongo/client.go:609.17,611.4 1 0
github.com/retail-ai-inc/beanq/v4/helper/bmongo/client.go:612.3,612.22 1 0
github.com/retail-ai-inc/beanq/v4/helper/bmongo/client.go:615.2,617.32 2 0
github.com/retail-ai-inc/beanq/v4/helper/bmongo/client.go:617.32,619.3 1 0
github.com/retail-ai-inc/beanq/v4/helper/bmongo/client.go:620.2,620.33 1 0
github.com/retail-ai-inc/beanq/v4/helper/bmongo/client.go:620.33,621.29 1 0
github.com/retail-ai-inc/beanq/v4/helper/bmongo/client.go:621.29,623.4 1 0
github.com/retail-ai-inc/beanq/v4/helper/bmongo/client.go:625.2,632.16 4 0
github.com/retail-ai-inc/beanq/v4/helper/bmongo/client.go:632.16,634.3 1 0
github.com/retail-ai-inc/beanq/v4/helper/bmongo/client.go:635.2,635.34 1 0
github.com/retail-ai-inc/beanq/v4/helper/bmongo/client.go:638.84,641.20 2 0
github.com/retail-ai-inc/beanq/v4/helper/bmongo/client.go:641.20,643.3 1 0
github.com/retail-ai-inc/beanq/v4/helper/bmongo/client.go:644.2,650.15 6 0
github.com/retail-ai-inc/beanq/v4/helper/bmongo/client.go:650.15,652.3 1 0
github.com/retail-ai-inc/beanq/v4/helper/bmongo/client.go:653.2,653.16 1 0
github.com/retail-ai-inc/beanq/v4/helper/bmongo/client.go:653.16,655.3 1 0
github.com/retail-ai-inc/beanq/v4/helper/bmongo/client.go:656.2,657.47 2 0
github.com/retail-ai-inc/beanq/v4/helper/bmongo/client.go:657.47,659.3 1 0
github.com/retail-ai-inc/beanq/v4/helper/bmongo/client.go:660.2,660.18 1 0
github.com/retail-ai-inc/beanq/v4/helper/bmongo/client.go:663.79,677.2 3 0
github.com/retail-ai-inc/beanq/v4/helper/bmongo/client.go:679.75,689.101 3 0
github.com/retail-ai-inc/beanq/v4/helper/bmongo/client.go:689.101,691.3 1 0
github.com/retail-ai-inc/beanq/v4/helper/bmongo/client.go:692.2,692.26 1 0
github.com/retail-ai-inc/beanq/v4/helper/bmongo/field_validator.go:131.100,134.16 2 0
github.com/retail-ai-inc/beanq/v4/helper/bmongo/field_validator.go:134.16,136.3 1 0
github.com/retail-ai-inc/beanq/v4/helper/bmongo/field_validator.go:137.2,140.52 2 0
github.com/retail-ai-inc/beanq/v4/helper/bmongo/field_validator.go:140.52,142.3 1 0
github.com/retail-ai-inc/beanq/v4/helper/bmongo/field_validator.go:144.2,145.16 2 0
github.com/retail-ai-inc/beanq/v4/helper/bmongo/field_validator.go:145.16,147.3 1 0
github.com/retail-ai-inc/beanq/v4/helper/bmongo/field_validator.go:149.2,149.77 1 0
github.com/retail-ai-inc/beanq/v4/helper/bmongo/field_validator.go:149.77,151.3 1 0
github.com/retail-ai-inc/beanq/v4/helper/bmongo/field_validator.go:153.2,153.12 1 0
github.com/retail-ai-inc/beanq/v4/helper/bmongo/field_validator.go:157.108,159.21 1 0
github.com/retail-ai-inc/beanq/v4/helper/bmongo/field_validator.go:159.21,161.3 1 0
github.com/retail-ai-inc/beanq/v4/helper/bmongo/field_validator.go:163.2,164.16 2 0
github.com/retail-ai-inc/beanq/v4/helper/bmongo/field_validator.go:164.16,166.3 1 0
github.com/retail-ai-inc/beanq/v4/helper/bmongo/field_validator.go:168.2,168.12 1 0
github.com/retail-ai-inc/beanq/v4/helper/bmongo/field_validator.go:168.12,170.3 1 0
github.com/retail-ai-inc/beanq/v4/helper/bmongo/field_validator.go:172.2,172.48 1 0
github.com/retail-ai-inc/beanq/v4/helper/bmongo/field_validator.go:176.113,178.21 1 0
github.com/retail-ai-inc/beanq/v4/helper/bmongo/field_validator.go:178.21,180.3 1 0
github.com/retail-ai-inc/beanq/v4/helper/bmongo/field_validator.go:182.2,184.16 3 0
github.com/retail-ai-inc/beanq/v4/helper/bmongo/field_validator.go:184.16,186.3 1 0
github.com/retail-ai-inc/beanq/v4/helper/bmongo/field_validator.go:188.2,188.12 1 0
github.com/retail-ai-inc/beanq/v4/helper/bmongo/field_validator.go:188.12,190.3 1 0
github.com/retail-ai-inc/beanq/v4/helper/bmongo/field_validator.go:192.2,197.12 2 0
github.com/retail-ai-inc/beanq/v4/helper/bmongo/field_validator.go:201.106,203.21 1 0
github.com/retail-ai-inc/beanq/v4/helper/bmongo/field_validator.go:203.21,205.3 1 0
github.com/retail-ai-inc/beanq/v4/helper/bmongo/field_validator.go:206.2,206.28 1 0
github.com/retail-ai-inc/beanq/v4/helper/bmongo/field_validator.go:206.28,207.82 1 0
github.com/retail-ai-inc/beanq/v4/helper/bmongo/field_validator.go:207.82,209.4 1 0
github.com/retail-ai-inc/beanq/v4/helper/bmongo/field_validator.go:209.9,211.4 1 0
github.com/retail-ai-inc/beanq/v4/helper/bmongo/field_validator.go:213.2,213.25 1 0
github.com/retail-ai-inc/beanq/v4/helper/bmongo/field_validator.go:217.111,220.16 2 0
github.com/retail-ai-inc/beanq/v4/helper/bmongo/field_validator.go:220.16,222.3 1 0
github.com/retail-ai-inc/beanq/v4/helper/bmongo/field_validator.go:223.2,223.15 1 0
github.com/retail-ai-inc/beanq/v4/helper/bmongo/field_validator.go:223.15,224.53 1 0
github.com/retail-ai-inc/beanq/v4/helper/bmongo/field_validator.go:224.53,226.4 1 0
github.com/retail-ai-inc/beanq/v4/helper/bmongo/field_validator.go:229.2,230.23 2 0
github.com/retail-ai-inc/beanq/v4/helper/bmongo/field_validator.go:230.23,232.51 1 0
github.com/retail-ai-inc/beanq/v4/helper/bmongo/field_validator.go:232.51,234.12 2 0
github.com/retail-ai-inc/beanq/v4/helper/bmongo/field_validator.go:236.3,236.36 1 0
github.com/retail-ai-inc/beanq/v4/helper/bmongo/field_validator.go:236.36,237.42 1 0
github.com/retail-ai-inc/beanq/v4/helper/bmongo/field_validator.go:237.42,238.37 1 0
github.com/retail-ai-inc/beanq/v4/helper/bmongo/field_validator.go:238.37,240.6 1 0
github.com/retail-ai-inc/beanq/v4/helper/bmongo/field_validator.go:245.2,245.28 1 0
github.com/retail-ai-inc/beanq/v4/helper/bmongo/field_validator.go:249.108,250.21 1 0
github.com/retail-ai-inc/beanq/v4/helper/bmongo/field_validator.go:250.21,252.3 1 0
github.com/retail-ai-inc/beanq/v4/helper/bmongo/field_validator.go:254.2,258.12 2 0
github.com/retail-ai-inc/beanq/v4/helper/bmongo/field_validator.go:262.103,263.41 1 0
github.com/retail-ai-inc/beanq/v4/helper/bmongo/field_validator.go:263.41,271.3 3 0
github.com/retail-ai-inc/beanq/v4/helper/bmongo/field_validator.go:273.2,273.63 1 0
github.com/retail-ai-inc/beanq/v4/helper/googleAuth/google.go:31.82,32.63 1 0
github.com/retail-ai-inc/beanq/v4/helper/googleAuth/google.go:32.63,34.3 1 0
github.com/retail-ai-inc/beanq/v4/helper/googleAuth/google.go:35.2,35.71 1 0
github.com/retail-ai-inc/beanq/v4/helper/googleAuth/google.go:37.90,54.2 2 0
github.com/retail-ai-inc/beanq/v4/helper/googleAuth/google.go:55.99,58.2 2 0
github.com/retail-ai-inc/beanq/v4/helper/googleAuth/google.go:59.95,61.2 1 0
github.com/retail-ai-inc/beanq/v4/helper/googleAuth/google.go:62.77,64.16 2 0
github.com/retail-ai-inc/beanq/v4/helper/googleAuth/google.go:64.16,66.3 1 0
github.com/retail-ai-inc/beanq/v4/helper/googleAuth/google.go:68.2,68.15 1 0
github.com/retail-ai-inc/beanq/v4/helper/googleAuth/google.go:68.15,71.3 1 0
github.com/retail-ai-inc/beanq/v4/helper/googleAuth/google.go:73.2,74.16 2 0
github.com/retail-ai-inc/beanq/v4/helper/googleAuth/google.go:74.16,76.3 1 0
github.com/retail-ai-inc/beanq/v4/helper/googleAuth/google.go:77.2,79.16 3 0
github.com/retail-ai-inc/beanq/v4/helper/googleAuth/google.go:79.16,81.3 1 0
github.com/retail-ai-inc/beanq/v4/helper/googleAuth/google.go:82.2,82.23 1 0
github.com/retail-ai-inc/beanq/v4/helper/response/result.go:19.26,23.2 3 0
github.com/retail-ai-inc/beanq/v4/helper/response/result.go:25.66,31.53 4 0
github.com/retail-ai-inc/beanq/v4/helper/response/result.go:31.53,33.3 1 0
github.com/retail-ai-inc/beanq/v4/helper/response/result.go:35.2,35.12 1 0
github.com/retail-ai-inc/beanq/v4/helper/response/result.go:38.74,41.16 2 0
github.com/retail-ai-inc/beanq/v4/helper/response/result.go:41.16,43.3 1 0
github.com/retail-ai-inc/beanq/v4/helper/response/result.go:44.2,62.16 14 0
github.com/retail-ai-inc/beanq/v4/helper/response/result.go:62.16,64.3 1 0
github.com/retail-ai-inc/beanq/v4/helper/response/result.go:65.2,65.12 1 0
github.com/retail-ai-inc/beanq/v4/helper/response/result.go:68.44,74.2 1 0
github.com/retail-ai-inc/beanq/v4/helper/response/result.go:76.30,79.24 2 0
github.com/retail-ai-inc/beanq/v4/helper/response/result.go:79.24,82.3 2 0
github.com/retail-ai-inc/beanq/v4/helper/timex/timer.go:14.61,15.56 1 0
github.com/retail-ai-inc/beanq/v4/helper/timex/timer.go:15.56,18.3 2 0
github.com/retail-ai-inc/beanq/v4/helper/timex/timer.go:19.2,19.32 1 0
github.com/retail-ai-inc/beanq/v4/helper/timex/timer.go:22.44,23.19 1 0
github.com/retail-ai-inc/beanq/v4/helper/timex/timer.go:23.19,24.10 1 0
github.com/retail-ai-inc/beanq/v4/helper/timex/timer.go:25.18,25.18 0 0
github.com/retail-ai-inc/beanq/v4/helper/timex/timer.go:26.11,26.11 0 0
github.com/retail-ai-inc/beanq/v4/helper/timex/timer.go:30.2,30.16 1 0
github.com/retail-ai-inc/beanq/v4/helper/tool/base_client.go:13.77,15.50 1 0
github.com/retail-ai-inc/beanq/v4/helper/tool/base_client.go:15.50,24.19 4 0
github.com/retail-ai-inc/beanq/v4/helper/tool/base_client.go:24.19,27.31 2 0
github.com/retail-ai-inc/beanq/v4/helper/tool/base_client.go:27.31,28.48 1 0
github.com/retail-ai-inc/beanq/v4/helper/tool/base_client.go:28.48,30.6 1 0
github.com/retail-ai-inc/beanq/v4/helper/tool/base_client.go:34.3,34.101 1 0
github.com/retail-ai-inc/beanq/v4/helper/tool/base_client.go:34.101,38.35 3 0
github.com/retail-ai-inc/beanq/v4/helper/tool/base_client.go:38.35,40.5 1 0
github.com/retail-ai-inc/beanq/v4/helper/tool/base_client.go:41.4,42.14 2 0
github.com/retail-ai-inc/beanq/v4/helper/tool/base_client.go:45.3,48.23 3 0
github.com/retail-ai-inc/beanq/v4/helper/tool/base_client.go:51.2,51.43 1 0
github.com/retail-ai-inc/beanq/v4/helper/tool/base_client.go:51.43,55.3 1 0
github.com/retail-ai-inc/beanq/v4/helper/tool/base_client.go:56.2,56.12 1 0
github.com/retail-ai-inc/beanq/v4/helper/tool/base_client.go:63.78,69.6 2 0
github.com/retail-ai-inc/beanq/v4/helper/tool/base_client.go:69.6,72.19 3 0
github.com/retail-ai-inc/beanq/v4/helper/tool/base_client.go:72.19,73.9 1 0
github.com/retail-ai-inc/beanq/v4/helper/tool/base_client.go:75.3,75.19 1 0
github.com/retail-ai-inc/beanq/v4/helper/tool/base_client.go:77.2,77.18 1 0
github.com/retail-ai-inc/beanq/v4/helper/tool/base_client.go:80.57,82.2 1 0
github.com/retail-ai-inc/beanq/v4/helper/tool/base_client.go:84.56,86.2 1 0
github.com/retail-ai-inc/beanq/v4/helper/tool/base_client.go:88.78,91.16 2 0
github.com/retail-ai-inc/beanq/v4/helper/tool/base_client.go:91.16,93.3 1 0
github.com/retail-ai-inc/beanq/v4/helper/tool/base_client.go:94.2,96.22 3 0
github.com/retail-ai-inc/beanq/v4/helper/tool/base_client.go:96.22,99.25 3 0
github.com/retail-ai-inc/beanq/v4/helper/tool/base_client.go:99.25,102.4 2 0
github.com/retail-ai-inc/beanq/v4/helper/tool/base_client.go:103.3,104.28 2 0
github.com/retail-ai-inc/beanq/v4/helper/tool/base_client.go:106.2,106.18 1 0
github.com/retail-ai-inc/beanq/v4/helper/tool/base_client.go:109.74,112.16 2 0
github.com/retail-ai-inc/beanq/v4/helper/tool/base_client.go:112.16,114.3 1 0
github.com/retail-ai-inc/beanq/v4/helper/tool/base_client.go:115.2,116.15 2 0
github.com/retail-ai-inc/beanq/v4/helper/tool/base_client.go:119.82,122.16 2 0
github.com/retail-ai-inc/beanq/v4/helper/tool/base_client.go:122.16,124.3 1 0
github.com/retail-ai-inc/beanq/v4/helper/tool/base_client.go:126.2,126.39 1 0
github.com/retail-ai-inc/beanq/v4/helper/tool/base_client.go:126.39,128.3 1 0
github.com/retail-ai-inc/beanq/v4/helper/tool/base_client.go:129.2,132.33 3 0
github.com/retail-ai-inc/beanq/v4/helper/tool/base_client.go:132.33,133.32 1 0
github.com/retail-ai-inc/beanq/v4/helper/tool/base_client.go:133.32,134.12 1 0
github.com/retail-ai-inc/beanq/v4/helper/tool/base_client.go:136.3,142.26 7 0
github.com/retail-ai-inc/beanq/v4/helper/tool/base_client.go:142.26,145.4 2 0
github.com/retail-ai-inc/beanq/v4/helper/tool/base_client.go:146.3,146.40 1 0
github.com/retail-ai-inc/beanq/v4/helper/tool/base_client.go:148.2,149.24 2 0
github.com/retail-ai-inc/beanq/v4/helper/tool/base_client.go:152.79,155.16 2 0
github.com/retail-ai-inc/beanq/v4/helper/tool/base_client.go:155.16,157.3 1 0
github.com/retail-ai-inc/beanq/v4/helper/tool/base_client.go:158.2,158.37 1 0
github.com/retail-ai-inc/beanq/v4/helper/tool/base_client.go:161.74,164.16 2 0
github.com/retail-ai-inc/beanq/v4/helper/tool/base_client.go:164.16,166.3 1 0
github.com/retail-ai-inc/beanq/v4/helper/tool/base_client.go:167.2,167.32 1 0
github.com/retail-ai-inc/beanq/v4/helper/tool/base_client.go:170.75,173.16 2 0
github.com/retail-ai-inc/beanq/v4/helper/tool/base_client.go:173.16,175.3 1 0
github.com/retail-ai-inc/beanq/v4/helper/tool/base_client.go:176.2,177.15 2 0
github.com/retail-ai-inc/beanq/v4/helper/tool/base_client.go:180.73,183.16 2 0
github.com/retail-ai-inc/beanq/v4/helper/tool/base_client.go:183.16,185.3 1 0
github.com/retail-ai-inc/beanq/v4/helper/tool/base_client.go:186.2,186.31 1 0
github.com/retail-ai-inc/beanq/v4/helper/tool/base_client.go:189.65,191.2 1 0
github.com/retail-ai-inc/beanq/v4/helper/tool/base_client.go:193.75,196.16 2 0
github.com/retail-ai-inc/beanq/v4/helper/tool/base_client.go:196.16,198.3 1 0
github.com/retail-ai-inc/beanq/v4/helper/tool/base_client.go:199.2,201.26 3 0
github.com/retail-ai-inc/beanq/v4/helper/tool/base_client.go:201.26,203.19 2 0
github.com/retail-ai-inc/beanq/v4/helper/tool/base_client.go:203.19,205.4 1 0
github.com/retail-ai-inc/beanq/v4/helper/tool/base_client.go:207.2,207.18 1 0
github.com/retail-ai-inc/beanq/v4/helper/tool/base_client.go:210.80,213.34 2 0
github.com/retail-ai-inc/beanq/v4/helper/tool/base_client.go:213.34,215.3 1 0
github.com/retail-ai-inc/beanq/v4/helper/tool/base_client.go:216.2,217.16 2 0
github.com/retail-ai-inc/beanq/v4/helper/tool/base_client.go:217.16,219.3 1 0
github.com/retail-ai-inc/beanq/v4/helper/tool/base_client.go:221.2,224.24 4 0
github.com/retail-ai-inc/beanq/v4/helper/tool/base_client.go:224.24,226.26 2 0
github.com/retail-ai-inc/beanq/v4/helper/tool/base_client.go:226.26,228.24 2 0
github.com/retail-ai-inc/beanq/v4/helper/tool/base_client.go:228.24,229.23 1 0
github.com/retail-ai-inc/beanq/v4/helper/tool/base_client.go:229.23,230.14 1 0
github.com/retail-ai-inc/beanq/v4/helper/tool/base_client.go:233.4,233.21 1 0
github.com/retail-ai-inc/beanq/v4/helper/tool/base_client.go:233.21,234.13 1 0
github.com/retail-ai-inc/beanq/v4/helper/tool/base_client.go:236.4,237.32 2 0
github.com/retail-ai-inc/beanq/v4/helper/tool/base_client.go:240.2,240.19 1 0
github.com/retail-ai-inc/beanq/v4/helper/tool/base_client.go:243.91,248.16 3 0
github.com/retail-ai-inc/beanq/v4/helper/tool/base_client.go:248.16,250.3 1 0
github.com/retail-ai-inc/beanq/v4/helper/tool/base_client.go:252.2,253.37 2 0
github.com/retail-ai-inc/beanq/v4/helper/tool/base_client.go:253.37,255.3 1 0
github.com/retail-ai-inc/beanq/v4/helper/tool/base_client.go:257.2,268.25 3 0
github.com/retail-ai-inc/beanq/v4/helper/tool/base_client.go:268.25,270.21 2 0
github.com/retail-ai-inc/beanq/v4/helper/tool/base_client.go:270.21,271.19 1 0
github.com/retail-ai-inc/beanq/v4/helper/tool/base_client.go:272.20,273.44 1 0
github.com/retail-ai-inc/beanq/v4/helper/tool/base_client.go:274.20,275.42 1 0
github.com/retail-ai-inc/beanq/v4/helper/tool/base_client.go:276.20,277.30 1 0
github.com/retail-ai-inc/beanq/v4/helper/tool/base_client.go:278.28,279.50 1 0
github.com/retail-ai-inc/beanq/v4/helper/tool/base_client.go:280.15,281.37 1 0
github.com/retail-ai-inc/beanq/v4/helper/tool/base_client.go:282.28,283.48 1 0
github.com/retail-ai-inc/beanq/v4/helper/tool/base_client.go:287.2,287.21 1 0
github.com/retail-ai-inc/beanq/v4/helper/tool/base_client.go:290.76,292.2 1 0
github.com/retail-ai-inc/beanq/v4/helper/tool/base_client.go:294.67,296.2 1 0
github.com/retail-ai-inc/beanq/v4/helper/tool/base_client.go:298.125,305.2 1 0
github.com/retail-ai-inc/beanq/v4/helper/tool/base_client.go:307.85,309.2 1 0
github.com/retail-ai-inc/beanq/v4/helper/tool/base_client.go:311.45,312.36 1 0
github.com/retail-ai-inc/beanq/v4/helper/tool/base_client.go:312.36,314.3 1 0
github.com/retail-ai-inc/beanq/v4/helper/tool/base_client.go:315.2,317.28 3 0
github.com/retail-ai-inc/beanq/v4/helper/tool/base_client.go:317.28,318.32 1 0
github.com/retail-ai-inc/beanq/v4/helper/tool/base_client.go:318.32,319.12 1 0
github.com/retail-ai-inc/beanq/v4/helper/tool/base_client.go:321.3,322.21 2 0
github.com/retail-ai-inc/beanq/v4/helper/tool/base_client.go:324.2,324.14 1 0
github.com/retail-ai-inc/beanq/v4/helper/tool/client.go:13.53,16.2 1 0
github.com/retail-ai-inc/beanq/v4/helper/tool/client.go:18.52,31.2 1 0
github.com/retail-ai-inc/beanq/v4/helper/tool/cluster_client.go:18.60,20.2 1 0
github.com/retail-ai-inc/beanq/v4/helper/tool/cluster_client.go:22.59,31.26 6 0
github.com/retail-ai-inc/beanq/v4/helper/tool/cluster_client.go:31.26,34.20 3 0
github.com/retail-ai-inc/beanq/v4/helper/tool/cluster_client.go:34.20,35.12 1 0
github.com/retail-ai-inc/beanq/v4/helper/tool/cluster_client.go:38.3,44.27 5 0
github.com/retail-ai-inc/beanq/v4/helper/tool/cluster_client.go:44.27,45.14 1 0
github.com/retail-ai-inc/beanq/v4/helper/tool/cluster_client.go:45.14,46.29 1 0
github.com/retail-ai-inc/beanq/v4/helper/tool/cluster_client.go:46.29,48.6 1 0
github.com/retail-ai-inc/beanq/v4/helper/tool/cluster_client.go:50.4,50.14 1 0
github.com/retail-ai-inc/beanq/v4/helper/tool/cluster_client.go:50.14,52.5 1 0
github.com/retail-ai-inc/beanq/v4/helper/tool/cluster_client.go:53.4,53.14 1 0
github.com/retail-ai-inc/beanq/v4/helper/tool/cluster_client.go:53.14,55.5 1 0
github.com/retail-ai-inc/beanq/v4/helper/tool/cluster_client.go:56.4,56.14 1 0
github.com/retail-ai-inc/beanq/v4/helper/tool/cluster_client.go:56.14,58.5 1 0
github.com/retail-ai-inc/beanq/v4/helper/tool/cluster_client.go:59.4,59.14 1 0
github.com/retail-ai-inc/beanq/v4/helper/tool/cluster_client.go:59.14,61.5 1 0
github.com/retail-ai-inc/beanq/v4/helper/tool/cluster_client.go:62.4,62.14 1 0
github.com/retail-ai-inc/beanq/v4/helper/tool/cluster_client.go:62.14,64.5 1 0
github.com/retail-ai-inc/beanq/v4/helper/tool/cluster_client.go:67.3,67.30 1 0
github.com/retail-ai-inc/beanq/v4/helper/tool/cluster_client.go:69.2,69.15 1 0
github.com/retail-ai-inc/beanq/v4/helper/tool/tool.go:17.37,19.2 1 0
github.com/retail-ai-inc/beanq/v4/helper/tool/tool.go:22.56,23.19 1 0
github.com/retail-ai-inc/beanq/v4/helper/tool/tool.go:23.19,25.3 1 0
github.com/retail-ai-inc/beanq/v4/helper/tool/tool.go:26.2,26.17 1 0
github.com/retail-ai-inc/beanq/v4/helper/tool/tool.go:26.17,28.3 1 0
github.com/retail-ai-inc/beanq/v4/helper/tool/tool.go:29.2,31.48 3 0
github.com/retail-ai-inc/beanq/v4/helper/tool/tool.go:35.87,36.19 1 0
github.com/retail-ai-inc/beanq/v4/helper/tool/tool.go:36.19,38.3 1 0
github.com/retail-ai-inc/beanq/v4/helper/tool/tool.go:39.2,39.17 1 0
github.com/retail-ai-inc/beanq/v4/helper/tool/tool.go:39.17,41.3 1 0
github.com/retail-ai-inc/beanq/v4/helper/tool/tool.go:42.2,43.42 2 0
github.com/retail-ai-inc/beanq/v4/helper/tool/tool.go:43.42,45.3 1 0
github.com/retail-ai-inc/beanq/v4/helper/tool/tool.go:46.2,46.48 1 0
github.com/retail-ai-inc/beanq/v4/helper/tool/tool.go:46.48,48.3 1 0
github.com/retail-ai-inc/beanq/v4/helper/tool/tool.go:49.2,49.37 1 0
github.com/retail-ai-inc/beanq/v4/helper/tool/tool.go:49.37,51.3 1 0
github.com/retail-ai-inc/beanq/v4/helper/tool/tool.go:52.2,54.58 3 0
github.com/retail-ai-inc/beanq/v4/helper/tool/tool.go:58.62,63.2 3 0
github.com/retail-ai-inc/beanq/v4/helper/tool/tool.go:65.74,69.2 3 0
github.com/retail-ai-inc/beanq/v4/helper/tool/tool.go:71.68,75.2 3 0
github.com/retail-ai-inc/beanq/v4/helper/tool/tool.go:78.52,79.19 1 0
github.com/retail-ai-inc/beanq/v4/helper/tool/tool.go:79.19,81.3 1 0
github.com/retail-ai-inc/beanq/v4/helper/tool/tool.go:83.2,83.44 1 0
github.com/retail-ai-inc/beanq/v4/helper/tool/tool.go:87.80,90.2 2 0
github.com/retail-ai-inc/beanq/v4/helper/tool/tool.go:101.41,103.2 1 0
github.com/retail-ai-inc/beanq/v4/helper/tool/tool.go:106.112,107.29 1 0
github.com/retail-ai-inc/beanq/v4/helper/tool/tool.go:107.29,109.17 2 0
github.com/retail-ai-inc/beanq/v4/helper/tool/tool.go:109.17,111.4 1 0
github.com/retail-ai-inc/beanq/v4/helper/tool/tool.go:113.3,113.29 1 0
github.com/retail-ai-inc/beanq/v4/helper/tool/tool.go:113.29,114.15 1 0
github.com/retail-ai-inc/beanq/v4/helper/tool/tool.go:114.15,116.5 1 0
github.com/retail-ai-inc/beanq/v4/helper/tool/tool.go:119.3,119.17 1 0
github.com/retail-ai-inc/beanq/v4/helper/tool/tool.go:119.17,121.4 1 0
github.com/retail-ai-inc/beanq/v4/helper/tool/tool.go:123.3,124.10 2 0
github.com/retail-ai-inc/beanq/v4/helper/tool/tool.go:125.31,125.31 0 0
github.com/retail-ai-inc/beanq/v4/helper/tool/tool.go:126.21,127.23 1 0
github.com/retail-ai-inc/beanq/v4/helper/tool/tool.go:130.2,130.8 1 0
github.com/retail-ai-inc/beanq/v4/helper/tool/tool.go:133.71,141.16 6 0
github.com/retail-ai-inc/beanq/v4/helper/tool/tool.go:141.16,143.3 1 0
github.com/retail-ai-inc/beanq/v4/helper/tool/tool.go:145.2,145.13 1 0
github.com/retail-ai-inc/beanq/v4/helper/tool/tool.go:149.55,153.2 3 0
github.com/retail-ai-inc/beanq/v4/helper/tool/tool.go:155.46,161.2 5 0
github.com/retail-ai-inc/beanq/v4/helper/tool/tool.go:163.80,164.75 1 0
github.com/retail-ai-inc/beanq/v4/helper/tool/tool.go:164.75,166.3 1 0
github.com/retail-ai-inc/beanq/v4/helper/tool/tool.go:167.2,167.12 1 0
github.com/retail-ai-inc/beanq/v4/helper/tool/tool.go:174.29,176.2 1 0
github.com/retail-ai-inc/beanq/v4/helper/tool/tool.go:178.39,180.2 1 0
github.com/retail-ai-inc/beanq/v4/helper/tool/tool.go:182.34,184.2 1 0
github.com/retail-ai-inc/beanq/v4/internal/IBroker.go:51.64,52.16 1 0
github.com/retail-ai-inc/beanq/v4/internal/IBroker.go:52.16,54.3 1 0
github.com/retail-ai-inc/beanq/v4/internal/btype/type.go:16.35,18.2 1 0
github.com/retail-ai-inc/beanq/v4/internal/btype/type.go:20.51,22.2 1 0
github.com/retail-ai-inc/beanq/v4/internal/capture/catch_error.go:44.48,46.19 1 0
github.com/retail-ai-inc/beanq/v4/internal/capture/catch_error.go:46.19,48.3 1 0
github.com/retail-ai-inc/beanq/v4/internal/capture/catch_error.go:50.2,51.37 2 0
github.com/retail-ai-inc/beanq/v4/internal/capture/catch_error.go:51.37,53.3 1 0
github.com/retail-ai-inc/beanq/v4/internal/capture/catch_error.go:55.2,61.27 2 0
github.com/retail-ai-inc/beanq/v4/internal/capture/catch_error.go:61.27,63.3 1 0
github.com/retail-ai-inc/beanq/v4/internal/capture/catch_error.go:65.2,65.37 1 0
github.com/retail-ai-inc/beanq/v4/internal/capture/catch_error.go:65.37,71.3 1 0
github.com/retail-ai-inc/beanq/v4/internal/capture/catch_error.go:72.2,72.12 1 0
github.com/retail-ai-inc/beanq/v4/internal/capture/catch_error.go:75.41,77.14 1 0
github.com/retail-ai-inc/beanq/v4/internal/capture/catch_error.go:77.14,79.3 1 0
github.com/retail-ai-inc/beanq/v4/internal/capture/catch_error.go:80.2,80.27 1 0
github.com/retail-ai-inc/beanq/v4/internal/capture/catch_error.go:80.27,82.3 1 0
github.com/retail-ai-inc/beanq/v4/internal/capture/catch_error.go:85.2,85.23 1 0
github.com/retail-ai-inc/beanq/v4/internal/capture/catch_error.go:85.23,87.3 1 0
github.com/retail-ai-inc/beanq/v4/internal/capture/catch_error.go:89.2,89.30 1 0
github.com/retail-ai-inc/beanq/v4/internal/capture/catch_error.go:89.30,91.27 1 0
github.com/retail-ai-inc/beanq/v4/internal/capture/catch_error.go:91.27,92.12 1 0
github.com/retail-ai-inc/beanq/v4/internal/capture/catch_error.go:94.3,94.24 1 0
github.com/retail-ai-inc/beanq/v4/internal/capture/catch_error.go:94.24,101.4 1 0
github.com/retail-ai-inc/beanq/v4/internal/capture/catch_error.go:103.3,103.32 1 0
github.com/retail-ai-inc/beanq/v4/internal/capture/catch_error.go:103.32,104.34 1 0
github.com/retail-ai-inc/beanq/v4/internal/capture/catch_error.go:104.34,105.26 1 0
github.com/retail-ai-inc/beanq/v4/internal/capture/catch_error.go:105.26,112.6 1 0
github.com/retail-ai-inc/beanq/v4/internal/capture/catch_error.go:117.2,117.12 1 0
github.com/retail-ai-inc/beanq/v4/internal/capture/catch_error.go:120.33,122.14 1 0
github.com/retail-ai-inc/beanq/v4/internal/capture/catch_error.go:122.14,124.3 1 0
github.com/retail-ai-inc/beanq/v4/internal/capture/catch_error.go:126.2,126.16 1 0
github.com/retail-ai-inc/beanq/v4/internal/capture/catch_error.go:126.16,128.3 1 0
github.com/retail-ai-inc/beanq/v4/internal/capture/catch_error.go:130.2,130.35 1 0
github.com/retail-ai-inc/beanq/v4/internal/capture/catch_error.go:130.35,131.26 1 0
github.com/retail-ai-inc/beanq/v4/internal/capture/catch_error.go:131.26,136.64 5 0
github.com/retail-ai-inc/beanq/v4/internal/capture/catch_error.go:136.64,137.13 1 0
github.com/retail-ai-inc/beanq/v4/internal/capture/catch_error.go:140.4,145.40 6 0
github.com/retail-ai-inc/beanq/v4/internal/capture/catch_error.go:145.40,146.13 1 0
github.com/retail-ai-inc/beanq/v4/internal/capture/catch_error.go:147.10,149.5 1 0
github.com/retail-ai-inc/beanq/v4/internal/capture/catch_error.go:150.4,150.35 1 0
github.com/retail-ai-inc/beanq/v4/internal/capture/catch_error.go:150.35,151.13 1 0
github.com/retail-ai-inc/beanq/v4/internal/capture/catch_error.go:154.4,159.40 6 0
github.com/retail-ai-inc/beanq/v4/internal/capture/catch_error.go:159.40,161.13 2 0
github.com/retail-ai-inc/beanq/v4/internal/capture/catch_error.go:163.4,163.27 1 0
github.com/retail-ai-inc/beanq/v4/internal/capture/catch_error.go:165.3,165.26 1 0
github.com/retail-ai-inc/beanq/v4/internal/capture/catch_error.go:165.26,166.41 1 0
github.com/retail-ai-inc/beanq/v4/internal/capture/catch_error.go:166.41,167.13 1 0
github.com/retail-ai-inc/beanq/v4/internal/capture/catch_error.go:169.4,169.72 1 0
github.com/retail-ai-inc/beanq/v4/internal/capture/catch_error.go:169.72,170.13 1 0
github.com/retail-ai-inc/beanq/v4/internal/capture/catch_error.go:172.4,176.113 5 0
github.com/retail-ai-inc/beanq/v4/internal/capture/catch_error.go:176.113,178.5 1 0
github.com/retail-ai-inc/beanq/v4/internal/capture/config.go:20.59,22.2 1 0
github.com/retail-ai-inc/beanq/v4/internal/capture/config.go:23.62,25.2 1 0
github.com/retail-ai-inc/beanq/v4/internal/capture/config.go:34.47,36.2 1 0
github.com/retail-ai-inc/beanq/v4/internal/capture/config.go:37.50,39.2 1 0
github.com/retail-ai-inc/beanq/v4/internal/capture/config.go:47.51,49.2 1 0
github.com/retail-ai-inc/beanq/v4/internal/capture/config.go:50.54,52.2 1 0
github.com/retail-ai-inc/beanq/v4/internal/capture/config.go:87.47,89.2 1 0
github.com/retail-ai-inc/beanq/v4/internal/capture/config.go:90.50,92.2 1 0
github.com/retail-ai-inc/beanq/v4/internal/capture/config.go:98.48,100.2 1 0
github.com/retail-ai-inc/beanq/v4/internal/capture/config.go:101.51,103.2 1 0
github.com/retail-ai-inc/beanq/v4/internal/driver/bmongo/client.go:25.13,36.38 5 0
github.com/retail-ai-inc/beanq/v4/internal/driver/bmongo/client.go:36.38,43.3 2 0
github.com/retail-ai-inc/beanq/v4/internal/driver/bmongo/client.go:45.2,46.16 2 0
github.com/retail-ai-inc/beanq/v4/internal/driver/bmongo/client.go:46.16,48.3 1 0
github.com/retail-ai-inc/beanq/v4/internal/driver/bmongo/client.go:49.2,49.43 1 0
github.com/retail-ai-inc/beanq/v4/internal/driver/bmongo/client.go:49.43,51.3 1 0
github.com/retail-ai-inc/beanq/v4/internal/driver/bmongo/client.go:53.2,56.3 1 0
github.com/retail-ai-inc/beanq/v4/internal/driver/bmongo/client.go:59.78,61.25 2 0
github.com/retail-ai-inc/beanq/v4/internal/driver/bmongo/client.go:61.25,64.3 2 0
github.com/retail-ai-inc/beanq/v4/internal/driver/bmongo/client.go:66.2,66.86 1 0
github.com/retail-ai-inc/beanq/v4/internal/driver/bmongo/client.go:66.86,68.3 1 0
github.com/retail-ai-inc/beanq/v4/internal/driver/bmongo/client.go:69.2,69.12 1 0
github.com/retail-ai-inc/beanq/v4/internal/driver/bredis/args_pool.go:9.91,21.2 1 0
github.com/retail-ai-inc/beanq/v4/internal/driver/bredis/args_pool.go:23.121,30.15 2 0
github.com/retail-ai-inc/beanq/v4/internal/driver/bredis/args_pool.go:30.15,32.3 1 0
github.com/retail-ai-inc/beanq/v4/internal/driver/bredis/args_pool.go:33.2,33.13 1 0
github.com/retail-ai-inc/beanq/v4/internal/driver/bredis/broker.go:34.143,43.2 1 0
github.com/retail-ai-inc/beanq/v4/internal/driver/bredis/broker.go:50.90,51.30 1 0
github.com/retail-ai-inc/beanq/v4/internal/driver/bredis/broker.go:51.30,53.3 1 0
github.com/retail-ai-inc/beanq/v4/internal/driver/bredis/broker.go:54.2,54.32 1 0
github.com/retail-ai-inc/beanq/v4/internal/driver/bredis/broker.go:54.32,56.3 1 0
github.com/retail-ai-inc/beanq/v4/internal/driver/bredis/broker.go:57.2,57.29 1 0
github.com/retail-ai-inc/beanq/v4/internal/driver/bredis/broker.go:57.29,59.3 1 0
github.com/retail-ai-inc/beanq/v4/internal/driver/bredis/broker.go:60.2,60.40 1 0
github.com/retail-ai-inc/beanq/v4/internal/driver/bredis/broker.go:60.40,62.3 1 0
github.com/retail-ai-inc/beanq/v4/internal/driver/bredis/broker.go:63.2,63.12 1 0
github.com/retail-ai-inc/beanq/v4/internal/driver/bredis/broker.go:82.63,84.2 1 0
github.com/retail-ai-inc/beanq/v4/internal/driver/bredis/broker.go:86.71,96.21 7 0
github.com/retail-ai-inc/beanq/v4/internal/driver/bredis/broker.go:96.21,98.10 1 0
github.com/retail-ai-inc/beanq/v4/internal/driver/bredis/broker.go:99.21,101.10 2 0
github.com/retail-ai-inc/beanq/v4/internal/driver/bredis/broker.go:102.11,102.11 0 0
github.com/retail-ai-inc/beanq/v4/internal/driver/bredis/broker.go:105.3,105.102 1 0
github.com/retail-ai-inc/beanq/v4/internal/driver/bredis/broker.go:105.102,106.12 1 0
github.com/retail-ai-inc/beanq/v4/internal/driver/bredis/broker.go:109.3,118.18 3 0
github.com/retail-ai-inc/beanq/v4/internal/driver/bredis/broker.go:118.18,120.68 1 0
github.com/retail-ai-inc/beanq/v4/internal/driver/bredis/broker.go:120.68,126.5 2 0
github.com/retail-ai-inc/beanq/v4/internal/driver/bredis/broker.go:127.4,127.12 1 0
github.com/retail-ai-inc/beanq/v4/internal/driver/bredis/broker.go:130.3,132.40 2 0
github.com/retail-ai-inc/beanq/v4/internal/driver/bredis/broker.go:132.40,136.24 2 0
github.com/retail-ai-inc/beanq/v4/internal/driver/bredis/broker.go:136.24,138.13 2 0
github.com/retail-ai-inc/beanq/v4/internal/driver/bredis/broker.go:140.4,149.34 4 0
github.com/retail-ai-inc/beanq/v4/internal/driver/bredis/broker.go:149.34,150.46 1 0
github.com/retail-ai-inc/beanq/v4/internal/driver/bredis/broker.go:150.46,153.41 2 0
github.com/retail-ai-inc/beanq/v4/internal/driver/bredis/broker.go:153.41,155.7 1 0
github.com/retail-ai-inc/beanq/v4/internal/driver/bredis/broker.go:158.6,158.63 1 0
github.com/retail-ai-inc/beanq/v4/internal/driver/bredis/broker.go:161.4,161.57 1 0
github.com/retail-ai-inc/beanq/v4/internal/driver/bredis/broker.go:161.57,164.5 2 0
github.com/retail-ai-inc/beanq/v4/internal/driver/bredis/broker.go:167.3,167.78 1 0
github.com/retail-ai-inc/beanq/v4/internal/driver/bredis/broker.go:167.78,171.4 3 0
github.com/retail-ai-inc/beanq/v4/internal/driver/bredis/broker.go:171.18,174.4 2 0
github.com/retail-ai-inc/beanq/v4/internal/driver/bredis/broker.go:175.3,175.67 1 0
github.com/retail-ai-inc/beanq/v4/internal/driver/bredis/broker.go:175.67,178.4 2 0
github.com/retail-ai-inc/beanq/v4/internal/driver/bredis/broker.go:182.67,184.2 1 0
github.com/retail-ai-inc/beanq/v4/internal/driver/bredis/broker.go:186.97,193.6 4 0
github.com/retail-ai-inc/beanq/v4/internal/driver/bredis/broker.go:193.6,196.35 2 0
github.com/retail-ai-inc/beanq/v4/internal/driver/bredis/broker.go:196.35,198.60 1 0
github.com/retail-ai-inc/beanq/v4/internal/driver/bredis/broker.go:198.60,199.93 1 0
github.com/retail-ai-inc/beanq/v4/internal/driver/bredis/broker.go:199.93,202.6 2 0
github.com/retail-ai-inc/beanq/v4/internal/driver/bredis/broker.go:203.5,203.13 1 0
github.com/retail-ai-inc/beanq/v4/internal/driver/bredis/broker.go:206.4,206.75 1 0
github.com/retail-ai-inc/beanq/v4/internal/driver/bredis/broker.go:206.75,210.5 3 0
github.com/retail-ai-inc/beanq/v4/internal/driver/bredis/broker.go:213.3,214.24 2 0
github.com/retail-ai-inc/beanq/v4/internal/driver/bredis/broker.go:214.24,215.12 1 0
github.com/retail-ai-inc/beanq/v4/internal/driver/bredis/broker.go:217.3,224.34 5 0
github.com/retail-ai-inc/beanq/v4/internal/driver/bredis/broker.go:224.34,227.4 2 0
github.com/retail-ai-inc/beanq/v4/internal/driver/bredis/broker.go:229.3,229.36 1 0
github.com/retail-ai-inc/beanq/v4/internal/driver/bredis/broker.go:229.36,236.4 1 0
github.com/retail-ai-inc/beanq/v4/internal/driver/bredis/broker.go:237.3,238.13 2 0
github.com/retail-ai-inc/beanq/v4/internal/driver/bredis/broker.go:238.13,241.4 2 0
github.com/retail-ai-inc/beanq/v4/internal/driver/bredis/broker.go:243.3,244.31 2 0
github.com/retail-ai-inc/beanq/v4/internal/driver/bredis/broker.go:244.31,246.51 1 0
github.com/retail-ai-inc/beanq/v4/internal/driver/bredis/broker.go:246.51,249.5 2 0
github.com/retail-ai-inc/beanq/v4/internal/driver/bredis/broker.go:251.4,251.53 1 0
github.com/retail-ai-inc/beanq/v4/internal/driver/bredis/broker.go:251.53,254.13 3 0
github.com/retail-ai-inc/beanq/v4/internal/driver/bredis/broker.go:256.4,258.76 2 0
github.com/retail-ai-inc/beanq/v4/internal/driver/bredis/broker.go:258.76,262.5 3 0
github.com/retail-ai-inc/beanq/v4/internal/driver/bredis/broker.go:263.4,263.18 1 0
github.com/retail-ai-inc/beanq/v4/internal/driver/bredis/broker.go:263.18,266.5 2 0
github.com/retail-ai-inc/beanq/v4/internal/driver/bredis/broker.go:272.145,275.9 2 0
github.com/retail-ai-inc/beanq/v4/internal/driver/bredis/broker.go:276.20,277.9 1 0
github.com/retail-ai-inc/beanq/v4/internal/driver/bredis/broker.go:278.25,279.10 1 0
github.com/retail-ai-inc/beanq/v4/internal/driver/bredis/broker.go:279.10,281.4 1 0
github.com/retail-ai-inc/beanq/v4/internal/driver/bredis/broker.go:283.3,287.25 3 0
github.com/retail-ai-inc/beanq/v4/internal/driver/bredis/broker.go:287.25,289.4 1 0
github.com/retail-ai-inc/beanq/v4/internal/driver/bredis/broker.go:291.3,296.41 5 0
github.com/retail-ai-inc/beanq/v4/internal/driver/bredis/broker.go:296.41,297.78 1 0
github.com/retail-ai-inc/beanq/v4/internal/driver/bredis/broker.go:297.78,299.5 1 0
github.com/retail-ai-inc/beanq/v4/internal/driver/bredis/broker.go:302.3,307.70 4 0
github.com/retail-ai-inc/beanq/v4/internal/driver/bredis/broker.go:307.70,308.17 1 0
github.com/retail-ai-inc/beanq/v4/internal/driver/bredis/broker.go:308.17,309.33 1 0
github.com/retail-ai-inc/beanq/v4/internal/driver/bredis/broker.go:309.33,311.6 1 0
github.com/retail-ai-inc/beanq/v4/internal/driver/bredis/broker.go:313.4,313.29 1 0
github.com/retail-ai-inc/beanq/v4/internal/driver/bredis/broker.go:313.29,314.36 1 0
github.com/retail-ai-inc/beanq/v4/internal/driver/bredis/broker.go:314.36,319.10 4 0
github.com/retail-ai-inc/beanq/v4/internal/driver/bredis/broker.go:319.10,320.14 1 0
github.com/retail-ai-inc/beanq/v4/internal/driver/bredis/broker.go:321.32,322.14 1 0
github.com/retail-ai-inc/beanq/v4/internal/driver/bredis/broker.go:323.23,324.34 1 0
github.com/retail-ai-inc/beanq/v4/internal/driver/bredis/broker.go:324.34,326.9 1 0
github.com/retail-ai-inc/beanq/v4/internal/driver/bredis/broker.go:327.8,327.39 1 0
github.com/retail-ai-inc/beanq/v4/internal/driver/bredis/broker.go:327.39,331.9 3 0
github.com/retail-ai-inc/beanq/v4/internal/driver/bredis/broker.go:337.4,339.10 2 0
github.com/retail-ai-inc/beanq/v4/internal/driver/bredis/broker.go:342.3,342.17 1 0
github.com/retail-ai-inc/beanq/v4/internal/driver/bredis/broker.go:342.17,345.11 1 0
github.com/retail-ai-inc/beanq/v4/internal/driver/bredis/broker.go:345.11,347.5 1 0
github.com/retail-ai-inc/beanq/v4/internal/driver/bredis/broker.go:348.4,350.40 3 0
github.com/retail-ai-inc/beanq/v4/internal/driver/bredis/broker.go:351.9,353.4 1 0
github.com/retail-ai-inc/beanq/v4/internal/driver/bredis/broker.go:355.3,363.16 8 0
github.com/retail-ai-inc/beanq/v4/internal/driver/bredis/client.go:20.106,22.20 1 0
github.com/retail-ai-inc/beanq/v4/internal/driver/bredis/client.go:22.20,26.27 3 0
github.com/retail-ai-inc/beanq/v4/internal/driver/bredis/client.go:26.27,28.20 2 0
github.com/retail-ai-inc/beanq/v4/internal/driver/bredis/client.go:28.20,30.5 1 0
github.com/retail-ai-inc/beanq/v4/internal/driver/bredis/client.go:33.3,47.45 2 0
github.com/retail-ai-inc/beanq/v4/internal/driver/bredis/client.go:47.45,49.4 1 0
github.com/retail-ai-inc/beanq/v4/internal/driver/bredis/client.go:52.2,52.12 1 0
github.com/retail-ai-inc/beanq/v4/internal/driver/bredis/log.go:22.87,28.2 1 0
github.com/retail-ai-inc/beanq/v4/internal/driver/bredis/log.go:30.73,37.6 4 0
github.com/retail-ai-inc/beanq/v4/internal/driver/bredis/log.go:37.6,39.10 1 0
github.com/retail-ai-inc/beanq/v4/internal/driver/bredis/log.go:40.21,42.14 2 0
github.com/retail-ai-inc/beanq/v4/internal/driver/bredis/log.go:43.18,43.18 0 0
github.com/retail-ai-inc/beanq/v4/internal/driver/bredis/log.go:45.3,48.17 3 0
github.com/retail-ai-inc/beanq/v4/internal/driver/bredis/log.go:48.17,49.56 1 0
github.com/retail-ai-inc/beanq/v4/internal/driver/bredis/log.go:49.56,50.98 1 0
github.com/retail-ai-inc/beanq/v4/internal/driver/bredis/log.go:50.98,53.6 1 0
github.com/retail-ai-inc/beanq/v4/internal/driver/bredis/log.go:54.5,54.13 1 0
github.com/retail-ai-inc/beanq/v4/internal/driver/bredis/log.go:56.4,56.40 1 0
github.com/retail-ai-inc/beanq/v4/internal/driver/bredis/log.go:56.40,59.5 2 0
github.com/retail-ai-inc/beanq/v4/internal/driver/bredis/log.go:60.4,60.70 1 0
github.com/retail-ai-inc/beanq/v4/internal/driver/bredis/log.go:60.70,62.5 1 0
github.com/retail-ai-inc/beanq/v4/internal/driver/bredis/log.go:63.4,63.12 1 0
github.com/retail-ai-inc/beanq/v4/internal/driver/bredis/log.go:66.3,66.23 1 0
github.com/retail-ai-inc/beanq/v4/internal/driver/bredis/log.go:66.23,67.12 1 0
github.com/retail-ai-inc/beanq/v4/internal/driver/bredis/log.go:70.3,74.30 4 0
github.com/retail-ai-inc/beanq/v4/internal/driver/bredis/log.go:74.30,75.18 1 0
github.com/retail-ai-inc/beanq/v4/internal/driver/bredis/log.go:75.18,78.5 2 0
github.com/retail-ai-inc/beanq/v4/internal/driver/bredis/log.go:81.3,81.19 1 0
github.com/retail-ai-inc/beanq/v4/internal/driver/bredis/log.go:81.19,82.52 1 0
github.com/retail-ai-inc/beanq/v4/internal/driver/bredis/log.go:82.52,84.13 2 0
github.com/retail-ai-inc/beanq/v4/internal/driver/bredis/log.go:86.4,86.81 1 0
github.com/retail-ai-inc/beanq/v4/internal/driver/bredis/log.go:86.81,90.5 3 0
github.com/retail-ai-inc/beanq/v4/internal/driver/bredis/log.go:90.19,92.5 1 0
github.com/retail-ai-inc/beanq/v4/internal/driver/bredis/normal.go:21.180,37.2 1 0
github.com/retail-ai-inc/beanq/v4/internal/driver/bredis/normal.go:39.88,43.2 1 0
github.com/retail-ai-inc/beanq/v4/internal/driver/bredis/normal.go:44.74,48.34 3 0
github.com/retail-ai-inc/beanq/v4/internal/driver/bredis/normal.go:48.34,50.3 1 0
github.com/retail-ai-inc/beanq/v4/internal/driver/bredis/normal.go:51.2,51.32 1 0
github.com/retail-ai-inc/beanq/v4/internal/driver/bredis/normal.go:51.32,53.3 1 0
github.com/retail-ai-inc/beanq/v4/internal/driver/bredis/normal.go:55.2,59.16 4 0
github.com/retail-ai-inc/beanq/v4/internal/driver/bredis/normal.go:59.16,61.3 1 0
github.com/retail-ai-inc/beanq/v4/internal/driver/bredis/normal.go:63.2,63.12 1 0
github.com/retail-ai-inc/beanq/v4/internal/driver/bredis/normal.go:66.99,67.12 1 0
github.com/retail-ai-inc/beanq/v4/internal/driver/bredis/normal.go:67.12,69.3 1 0
github.com/retail-ai-inc/beanq/v4/internal/driver/bredis/normal.go:70.2,70.41 1 0
github.com/retail-ai-inc/beanq/v4/internal/driver/bredis/processLog.go:18.77,23.2 1 0
github.com/retail-ai-inc/beanq/v4/internal/driver/bredis/processLog.go:25.77,31.35 3 0
github.com/retail-ai-inc/beanq/v4/internal/driver/bredis/processLog.go:31.35,33.3 1 0
github.com/retail-ai-inc/beanq/v4/internal/driver/bredis/processLog.go:35.2,35.70 1 0
github.com/retail-ai-inc/beanq/v4/internal/driver/bredis/processLog.go:35.70,38.35 2 0
github.com/retail-ai-inc/beanq/v4/internal/driver/bredis/processLog.go:38.35,40.4 1 0
github.com/retail-ai-inc/beanq/v4/internal/driver/bredis/processLog.go:41.3,41.30 1 0
github.com/retail-ai-inc/beanq/v4/internal/driver/bredis/processLog.go:41.30,43.4 1 0
github.com/retail-ai-inc/beanq/v4/internal/driver/bredis/processLog.go:44.3,44.33 1 0
github.com/retail-ai-inc/beanq/v4/internal/driver/bredis/processLog.go:44.33,46.4 1 0
github.com/retail-ai-inc/beanq/v4/internal/driver/bredis/processLog.go:48.3,49.41 2 0
github.com/retail-ai-inc/beanq/v4/internal/driver/bredis/processLog.go:49.41,51.4 1 0
github.com/retail-ai-inc/beanq/v4/internal/driver/bredis/processLog.go:52.3,52.86 1 0
github.com/retail-ai-inc/beanq/v4/internal/driver/bredis/processLog.go:52.86,54.4 1 0
github.com/retail-ai-inc/beanq/v4/internal/driver/bredis/processLog.go:57.2,66.23 2 0
github.com/retail-ai-inc/beanq/v4/internal/driver/bredis/processLog.go:66.23,68.3 1 0
github.com/retail-ai-inc/beanq/v4/internal/driver/bredis/processLog.go:70.2,70.12 1 0
github.com/retail-ai-inc/beanq/v4/internal/driver/bredis/schedule.go:31.170,49.2 4 0
github.com/retail-ai-inc/beanq/v4/internal/driver/bredis/schedule.go:51.90,55.2 1 0
github.com/retail-ai-inc/beanq/v4/internal/driver/bredis/schedule.go:57.117,58.34 1 0
github.com/retail-ai-inc/beanq/v4/internal/driver/bredis/schedule.go:58.34,64.17 2 0
github.com/retail-ai-inc/beanq/v4/internal/driver/bredis/schedule.go:64.17,66.4 1 0
github.com/retail-ai-inc/beanq/v4/internal/driver/bredis/schedule.go:67.3,67.21 1 0
github.com/retail-ai-inc/beanq/v4/internal/driver/bredis/schedule.go:67.21,69.4 1 0
github.com/retail-ai-inc/beanq/v4/internal/driver/bredis/schedule.go:71.3,72.28 2 0
github.com/retail-ai-inc/beanq/v4/internal/driver/bredis/schedule.go:72.28,74.54 2 0
github.com/retail-ai-inc/beanq/v4/internal/driver/bredis/schedule.go:74.54,75.123 1 0
github.com/retail-ai-inc/beanq/v4/internal/driver/bredis/schedule.go:75.123,78.6 2 0
github.com/retail-ai-inc/beanq/v4/internal/driver/bredis/schedule.go:79.5,79.13 1 0
github.com/retail-ai-inc/beanq/v4/internal/driver/bredis/schedule.go:81.4,81.31 1 0
github.com/retail-ai-inc/beanq/v4/internal/driver/bredis/schedule.go:84.3,84.74 1 0
github.com/retail-ai-inc/beanq/v4/internal/driver/bredis/schedule.go:84.74,85.31 1 0
github.com/retail-ai-inc/beanq/v4/internal/driver/bredis/schedule.go:85.31,93.5 1 0
github.com/retail-ai-inc/beanq/v4/internal/driver/bredis/schedule.go:94.4,95.14 2 0
github.com/retail-ai-inc/beanq/v4/internal/driver/bredis/schedule.go:96.18,98.4 1 0
github.com/retail-ai-inc/beanq/v4/internal/driver/bredis/schedule.go:99.3,99.13 1 0
github.com/retail-ai-inc/beanq/v4/internal/driver/bredis/schedule.go:103.76,105.16 2 0
github.com/retail-ai-inc/beanq/v4/internal/driver/bredis/schedule.go:105.16,107.3 1 0
github.com/retail-ai-inc/beanq/v4/internal/driver/bredis/schedule.go:109.2,113.38 4 0
github.com/retail-ai-inc/beanq/v4/internal/driver/bredis/schedule.go:113.38,115.3 1 0
github.com/retail-ai-inc/beanq/v4/internal/driver/bredis/schedule.go:116.2,116.35 1 0
github.com/retail-ai-inc/beanq/v4/internal/driver/bredis/schedule.go:116.35,118.3 1 0
github.com/retail-ai-inc/beanq/v4/internal/driver/bredis/schedule.go:119.2,119.34 1 0
github.com/retail-ai-inc/beanq/v4/internal/driver/bredis/schedule.go:119.34,121.3 1 0
github.com/retail-ai-inc/beanq/v4/internal/driver/bredis/schedule.go:122.2,122.32 1 0
github.com/retail-ai-inc/beanq/v4/internal/driver/bredis/schedule.go:122.32,124.3 1 0
github.com/retail-ai-inc/beanq/v4/internal/driver/bredis/schedule.go:126.2,132.107 5 0
github.com/retail-ai-inc/beanq/v4/internal/driver/bredis/schedule.go:132.107,134.3 1 0
github.com/retail-ai-inc/beanq/v4/internal/driver/bredis/schedule.go:136.2,136.12 1 0
github.com/retail-ai-inc/beanq/v4/internal/driver/bredis/schedule.go:139.101,140.12 1 0
github.com/retail-ai-inc/beanq/v4/internal/driver/bredis/schedule.go:140.12,142.3 1 0
github.com/retail-ai-inc/beanq/v4/internal/driver/bredis/schedule.go:143.2,143.12 1 0
github.com/retail-ai-inc/beanq/v4/internal/driver/bredis/schedule.go:143.12,145.3 1 0
github.com/retail-ai-inc/beanq/v4/internal/driver/bredis/schedule.go:146.2,146.41 1 0
github.com/retail-ai-inc/beanq/v4/internal/driver/bredis/schedule.go:149.87,158.6 4 0
github.com/retail-ai-inc/beanq/v4/internal/driver/bredis/schedule.go:158.6,159.10 1 0
github.com/retail-ai-inc/beanq/v4/internal/driver/bredis/schedule.go:160.21,162.10 2 0
github.com/retail-ai-inc/beanq/v4/internal/driver/bredis/schedule.go:163.18,163.18 0 0
github.com/retail-ai-inc/beanq/v4/internal/driver/bredis/schedule.go:166.3,169.94 3 0
github.com/retail-ai-inc/beanq/v4/internal/driver/bredis/schedule.go:169.94,170.12 1 0
github.com/retail-ai-inc/beanq/v4/internal/driver/bredis/schedule.go:173.3,175.118 2 0
github.com/retail-ai-inc/beanq/v4/internal/driver/bredis/schedule.go:175.118,178.4 2 0
github.com/retail-ai-inc/beanq/v4/internal/driver/bredis/schedule.go:180.3,180.62 1 0
github.com/retail-ai-inc/beanq/v4/internal/driver/bredis/schedule.go:180.62,183.4 2 0
github.com/retail-ai-inc/beanq/v4/internal/driver/bredis/sequence.go:21.170,36.2 1 0
github.com/retail-ai-inc/beanq/v4/internal/driver/bredis/sequence.go:37.90,41.2 1 0
github.com/retail-ai-inc/beanq/v4/internal/driver/bredis/sequence.go:43.76,49.34 4 0
github.com/retail-ai-inc/beanq/v4/internal/driver/bredis/sequence.go:49.34,51.3 1 0
github.com/retail-ai-inc/beanq/v4/internal/driver/bredis/sequence.go:52.2,52.32 1 0
github.com/retail-ai-inc/beanq/v4/internal/driver/bredis/sequence.go:52.32,54.3 1 0
github.com/retail-ai-inc/beanq/v4/internal/driver/bredis/sequence.go:55.2,55.29 1 0
github.com/retail-ai-inc/beanq/v4/internal/driver/bredis/sequence.go:55.29,57.3 1 0
github.com/retail-ai-inc/beanq/v4/internal/driver/bredis/sequence.go:59.2,65.16 4 0
github.com/retail-ai-inc/beanq/v4/internal/driver/bredis/sequence.go:65.16,67.3 1 0
github.com/retail-ai-inc/beanq/v4/internal/driver/bredis/sequence.go:68.2,68.11 1 0
github.com/retail-ai-inc/beanq/v4/internal/driver/bredis/sequence.go:68.11,70.3 1 0
github.com/retail-ai-inc/beanq/v4/internal/driver/bredis/sequence.go:72.2,72.12 1 0
github.com/retail-ai-inc/beanq/v4/internal/driver/bredis/sequence.go:75.101,77.12 1 0
github.com/retail-ai-inc/beanq/v4/internal/driver/bredis/sequence.go:77.12,79.3 1 0
github.com/retail-ai-inc/beanq/v4/internal/driver/bredis/sequence.go:80.2,80.41 1 0
github.com/retail-ai-inc/beanq/v4/internal/driver/bredis/sequenceByLock.go:20.182,33.2 2 0
github.com/retail-ai-inc/beanq/v4/internal/driver/bredis/sequenceByLock.go:35.98,40.2 2 0
github.com/retail-ai-inc/beanq/v4/internal/driver/bredis/sequenceByLock.go:42.82,46.34 2 0
github.com/retail-ai-inc/beanq/v4/internal/driver/bredis/sequenceByLock.go:46.34,48.3 1 0
github.com/retail-ai-inc/beanq/v4/internal/driver/bredis/sequenceByLock.go:49.2,49.32 1 0
github.com/retail-ai-inc/beanq/v4/internal/driver/bredis/sequenceByLock.go:49.32,51.3 1 0
github.com/retail-ai-inc/beanq/v4/internal/driver/bredis/sequenceByLock.go:52.2,52.35 1 0
github.com/retail-ai-inc/beanq/v4/internal/driver/bredis/sequenceByLock.go:52.35,54.3 1 0
github.com/retail-ai-inc/beanq/v4/internal/driver/bredis/sequenceByLock.go:55.2,55.42 1 0
github.com/retail-ai-inc/beanq/v4/internal/driver/bredis/sequenceByLock.go:55.42,57.3 1 0
github.com/retail-ai-inc/beanq/v4/internal/driver/bredis/sequenceByLock.go:58.2,62.16 4 0
github.com/retail-ai-inc/beanq/v4/internal/driver/bredis/sequenceByLock.go:62.16,64.3 1 0
github.com/retail-ai-inc/beanq/v4/internal/driver/bredis/sequenceByLock.go:66.2,66.12 1 0
github.com/retail-ai-inc/beanq/v4/internal/driver/bredis/sequenceByLock.go:69.107,71.12 1 0
github.com/retail-ai-inc/beanq/v4/internal/driver/bredis/sequenceByLock.go:71.12,73.3 1 0
github.com/retail-ai-inc/beanq/v4/internal/driver/bredis/sequenceByLock.go:74.2,74.41 1 0
github.com/retail-ai-inc/beanq/v4/internal/driver/bredis/status.go:16.69,21.2 1 0
github.com/retail-ai-inc/beanq/v4/internal/driver/bredis/status.go:23.114,26.13 2 0
github.com/retail-ai-inc/beanq/v4/internal/driver/bredis/status.go:26.13,28.3 1 0
github.com/retail-ai-inc/beanq/v4/internal/driver/bredis/status.go:30.2,30.6 1 0
github.com/retail-ai-inc/beanq/v4/internal/driver/bredis/status.go:30.6,31.10 1 0
github.com/retail-ai-inc/beanq/v4/internal/driver/bredis/status.go:32.21,33.25 1 0
github.com/retail-ai-inc/beanq/v4/internal/driver/bredis/status.go:34.11,38.36 2 0
github.com/retail-ai-inc/beanq/v4/internal/driver/bredis/status.go:38.36,40.5 1 0
github.com/retail-ai-inc/beanq/v4/internal/driver/bredis/status.go:42.4,43.21 2 0
github.com/retail-ai-inc/beanq/v4/internal/driver/bredis/status.go:43.21,44.13 1 0
github.com/retail-ai-inc/beanq/v4/internal/driver/bredis/status.go:47.4,47.34 1 0
github.com/retail-ai-inc/beanq/v4/internal/driver/bredis/status.go:47.34,48.64 1 0
github.com/retail-ai-inc/beanq/v4/internal/driver/bredis/status.go:48.64,49.14 1 0
github.com/retail-ai-inc/beanq/v4/internal/driver/bredis/status.go:53.4,53.19 1 0
github.com/retail-ai-inc/beanq/v4/internal/driver/bredis/ui.go:25.69,31.2 1 0
github.com/retail-ai-inc/beanq/v4/internal/driver/bredis/ui.go:33.58,45.6 5 0
github.com/retail-ai-inc/beanq/v4/internal/driver/bredis/ui.go:45.6,46.10 1 0
github.com/retail-ai-inc/beanq/v4/internal/driver/bredis/ui.go:47.21,48.14 1 0
github.com/retail-ai-inc/beanq/v4/internal/driver/bredis/ui.go:49.18,49.18 0 0
github.com/retail-ai-inc/beanq/v4/internal/driver/bredis/ui.go:52.3,58.40 4 0
github.com/retail-ai-inc/beanq/v4/internal/driver/bredis/ui.go:58.40,60.20 2 0
github.com/retail-ai-inc/beanq/v4/internal/driver/bredis/ui.go:60.20,62.5 1 0
github.com/retail-ai-inc/beanq/v4/internal/driver/bredis/ui.go:63.4,63.48 1 0
github.com/retail-ai-inc/beanq/v4/internal/driver/bredis/ui.go:65.3,65.17 1 0
github.com/retail-ai-inc/beanq/v4/internal/driver/bredis/ui.go:65.17,67.4 1 0
github.com/retail-ai-inc/beanq/v4/internal/driver/bredis/ui.go:68.3,68.18 1 0
github.com/retail-ai-inc/beanq/v4/internal/driver/bredis/ui.go:68.18,70.4 1 0
github.com/retail-ai-inc/beanq/v4/internal/driver/bredis/ui.go:71.3,79.17 6 0
github.com/retail-ai-inc/beanq/v4/internal/driver/bredis/ui.go:79.17,81.12 2 0
github.com/retail-ai-inc/beanq/v4/internal/driver/bredis/ui.go:84.3,89.24 2 0
github.com/retail-ai-inc/beanq/v4/internal/driver/bredis/ui.go:89.24,91.4 1 0
github.com/retail-ai-inc/beanq/v4/internal/driver/bredis/ui.go:92.3,93.100 2 0
github.com/retail-ai-inc/beanq/v4/internal/driver/bredis/ui.go:93.100,95.4 1 0
github.com/retail-ai-inc/beanq/v4/internal/driver/bredis/ui.go:99.54,104.16 3 0
github.com/retail-ai-inc/beanq/v4/internal/driver/bredis/ui.go:104.16,106.3 1 0
github.com/retail-ai-inc/beanq/v4/internal/driver/bredis/ui.go:108.2,111.16 4 0
github.com/retail-ai-inc/beanq/v4/internal/driver/bredis/ui.go:111.16,113.3 1 0
github.com/retail-ai-inc/beanq/v4/internal/driver/bredis/ui.go:114.2,114.27 1 0
github.com/retail-ai-inc/beanq/v4/internal/driver/bredis/ui.go:114.27,115.79 1 0
github.com/retail-ai-inc/beanq/v4/internal/driver/bredis/ui.go:115.79,116.12 1 0
github.com/retail-ai-inc/beanq/v4/internal/driver/bredis/ui.go:118.3,118.36 1 0
github.com/retail-ai-inc/beanq/v4/internal/driver/bredis/ui.go:118.36,119.41 1 0
github.com/retail-ai-inc/beanq/v4/internal/driver/bredis/ui.go:119.41,122.13 3 0
github.com/retail-ai-inc/beanq/v4/internal/driver/bredis/ui.go:125.3,125.39 1 0
github.com/retail-ai-inc/beanq/v4/internal/driver/bredis/ui.go:125.39,126.36 1 0
github.com/retail-ai-inc/beanq/v4/internal/driver/bredis/ui.go:126.36,129.13 3 0
github.com/retail-ai-inc/beanq/v4/internal/driver/bredis/ui.go:132.3,132.33 1 0
github.com/retail-ai-inc/beanq/v4/internal/driver/bredis/ui.go:134.2,135.16 2 0
github.com/retail-ai-inc/beanq/v4/internal/driver/bredis/ui.go:135.16,137.3 1 0
github.com/retail-ai-inc/beanq/v4/internal/driver/bredis/ui.go:139.2,140.16 2 0
github.com/retail-ai-inc/beanq/v4/internal/driver/bredis/ui.go:140.16,142.3 1 0
github.com/retail-ai-inc/beanq/v4/internal/driver/bredis/ui.go:143.2,144.16 2 0
github.com/retail-ai-inc/beanq/v4/internal/driver/bredis/ui.go:144.16,146.3 1 0
github.com/retail-ai-inc/beanq/v4/internal/driver/bredis/ui.go:148.2,158.16 10 0
github.com/retail-ai-inc/beanq/v4/internal/driver/bredis/ui.go:158.16,160.3 1 0
github.com/retail-ai-inc/beanq/v4/internal/driver/bredis/ui.go:162.2,165.23 1 0
github.com/retail-ai-inc/beanq/v4/internal/driver/bredis/ui.go:165.23,167.3 1 0
github.com/retail-ai-inc/beanq/v4/internal/driver/bredis/ui.go:169.2,169.12 1 0
github.com/retail-ai-inc/beanq/v4/internal/routers/client_handler.go:16.69,18.2 1 0
github.com/retail-ai-inc/beanq/v4/internal/routers/client_handler.go:20.63,28.16 6 0
github.com/retail-ai-inc/beanq/v4/internal/routers/client_handler.go:28.16,34.3 4 0
github.com/retail-ai-inc/beanq/v4/internal/routers/client_handler.go:35.2,36.35 2 0
github.com/retail-ai-inc/beanq/v4/internal/routers/dashboard_handler.go:25.93,27.2 1 0
github.com/retail-ai-inc/beanq/v4/internal/routers/dashboard_handler.go:29.67,38.2 6 0
github.com/retail-ai-inc/beanq/v4/internal/routers/dashboard_handler.go:40.66,48.15 6 0
github.com/retail-ai-inc/beanq/v4/internal/routers/dashboard_handler.go:48.15,50.3 1 0
github.com/retail-ai-inc/beanq/v4/internal/routers/dashboard_handler.go:51.2,51.32 1 0
github.com/retail-ai-inc/beanq/v4/internal/routers/dashboard_handler.go:51.32,54.3 2 0
github.com/retail-ai-inc/beanq/v4/internal/routers/dashboard_handler.go:55.2,55.32 1 0
github.com/retail-ai-inc/beanq/v4/internal/routers/dashboard_handler.go:55.32,58.3 2 0
github.com/retail-ai-inc/beanq/v4/internal/routers/dashboard_handler.go:59.2,59.32 1 0
github.com/retail-ai-inc/beanq/v4/internal/routers/dashboard_handler.go:59.32,62.3 2 0
github.com/retail-ai-inc/beanq/v4/internal/routers/dashboard_handler.go:64.2,65.9 2 0
github.com/retail-ai-inc/beanq/v4/internal/routers/dashboard_handler.go:65.9,68.3 2 0
github.com/retail-ai-inc/beanq/v4/internal/routers/dashboard_handler.go:70.2,91.16 16 0
github.com/retail-ai-inc/beanq/v4/internal/routers/dashboard_handler.go:91.16,94.17 2 0
github.com/retail-ai-inc/beanq/v4/internal/routers/dashboard_handler.go:94.17,96.12 2 0
github.com/retail-ai-inc/beanq/v4/internal/routers/dashboard_handler.go:98.3,99.32 2 0
github.com/retail-ai-inc/beanq/v4/internal/routers/dashboard_handler.go:99.32,102.82 2 0
github.com/retail-ai-inc/beanq/v4/internal/routers/dashboard_handler.go:102.82,103.13 1 0
github.com/retail-ai-inc/beanq/v4/internal/routers/dashboard_handler.go:105.4,105.37 1 0
github.com/retail-ai-inc/beanq/v4/internal/routers/dashboard_handler.go:107.3,111.18 5 0
github.com/retail-ai-inc/beanq/v4/internal/routers/dashboard_handler.go:113.2,117.17 5 0
github.com/retail-ai-inc/beanq/v4/internal/routers/dashboard_handler.go:120.67,132.16 7 0
github.com/retail-ai-inc/beanq/v4/internal/routers/dashboard_handler.go:132.16,137.3 4 0
github.com/retail-ai-inc/beanq/v4/internal/routers/dashboard_handler.go:140.2,141.16 2 0
github.com/retail-ai-inc/beanq/v4/internal/routers/dashboard_handler.go:141.16,146.3 4 0
github.com/retail-ai-inc/beanq/v4/internal/routers/dashboard_handler.go:149.2,150.16 2 0
github.com/retail-ai-inc/beanq/v4/internal/routers/dashboard_handler.go:150.16,155.3 4 0
github.com/retail-ai-inc/beanq/v4/internal/routers/dashboard_handler.go:157.2,158.16 2 0
github.com/retail-ai-inc/beanq/v4/internal/routers/dashboard_handler.go:158.16,163.3 4 0
github.com/retail-ai-inc/beanq/v4/internal/routers/dashboard_handler.go:164.2,171.35 2 0
github.com/retail-ai-inc/beanq/v4/internal/routers/dashboard_handler.go:174.66,190.9 11 0
github.com/retail-ai-inc/beanq/v4/internal/routers/dashboard_handler.go:190.9,193.3 2 0
github.com/retail-ai-inc/beanq/v4/internal/routers/dashboard_handler.go:195.2,197.6 2 0
github.com/retail-ai-inc/beanq/v4/internal/routers/dashboard_handler.go:197.6,198.10 1 0
github.com/retail-ai-inc/beanq/v4/internal/routers/dashboard_handler.go:199.29,200.10 1 0
github.com/retail-ai-inc/beanq/v4/internal/routers/dashboard_handler.go:201.19,204.18 2 0
github.com/retail-ai-inc/beanq/v4/internal/routers/dashboard_handler.go:204.18,209.5 4 0
github.com/retail-ai-inc/beanq/v4/internal/routers/dashboard_handler.go:210.4,213.34 4 0
github.com/retail-ai-inc/beanq/v4/internal/routers/dlq_handler.go:27.85,29.2 1 0
github.com/retail-ai-inc/beanq/v4/internal/routers/dlq_handler.go:31.60,44.15 10 0
github.com/retail-ai-inc/beanq/v4/internal/routers/dlq_handler.go:44.15,46.3 1 0
github.com/retail-ai-inc/beanq/v4/internal/routers/dlq_handler.go:47.2,47.19 1 0
github.com/retail-ai-inc/beanq/v4/internal/routers/dlq_handler.go:47.19,49.3 1 0
github.com/retail-ai-inc/beanq/v4/internal/routers/dlq_handler.go:50.2,52.14 3 0
github.com/retail-ai-inc/beanq/v4/internal/routers/dlq_handler.go:52.14,54.3 1 0
github.com/retail-ai-inc/beanq/v4/internal/routers/dlq_handler.go:55.2,55.18 1 0
github.com/retail-ai-inc/beanq/v4/internal/routers/dlq_handler.go:55.18,57.3 1 0
github.com/retail-ai-inc/beanq/v4/internal/routers/dlq_handler.go:58.2,58.20 1 0
github.com/retail-ai-inc/beanq/v4/internal/routers/dlq_handler.go:58.20,60.3 1 0
github.com/retail-ai-inc/beanq/v4/internal/routers/dlq_handler.go:61.2,61.21 1 0
github.com/retail-ai-inc/beanq/v4/internal/routers/dlq_handler.go:61.21,63.3 1 0
github.com/retail-ai-inc/beanq/v4/internal/routers/dlq_handler.go:64.2,66.16 3 0
github.com/retail-ai-inc/beanq/v4/internal/routers/dlq_handler.go:66.16,69.3 2 0
github.com/retail-ai-inc/beanq/v4/internal/routers/dlq_handler.go:70.2,70.16 1 0
github.com/retail-ai-inc/beanq/v4/internal/routers/dlq_handler.go:70.16,75.3 4 0
github.com/retail-ai-inc/beanq/v4/internal/routers/dlq_handler.go:76.2,76.35 1 0
github.com/retail-ai-inc/beanq/v4/internal/routers/dlq_handler.go:79.62,86.16 5 0
github.com/retail-ai-inc/beanq/v4/internal/routers/dlq_handler.go:86.16,91.3 4 0
github.com/retail-ai-inc/beanq/v4/internal/routers/dlq_handler.go:92.2,93.32 2 0
github.com/retail-ai-inc/beanq/v4/internal/routers/dlq_handler.go:96.61,106.75 6 0
github.com/retail-ai-inc/beanq/v4/internal/routers/dlq_handler.go:106.75,111.3 4 0
github.com/retail-ai-inc/beanq/v4/internal/routers/dlq_handler.go:113.2,114.35 2 0
github.com/retail-ai-inc/beanq/v4/internal/routers/dlq_handler.go:114.35,116.3 1 0
github.com/retail-ai-inc/beanq/v4/internal/routers/dlq_handler.go:118.2,119.40 2 0
github.com/retail-ai-inc/beanq/v4/internal/routers/dlq_handler.go:119.40,122.3 2 0
github.com/retail-ai-inc/beanq/v4/internal/routers/dlq_handler.go:123.2,123.37 1 0
github.com/retail-ai-inc/beanq/v4/internal/routers/dlq_handler.go:123.37,126.48 2 0
github.com/retail-ai-inc/beanq/v4/internal/routers/dlq_handler.go:126.48,131.4 4 0
github.com/retail-ai-inc/beanq/v4/internal/routers/dlq_handler.go:132.3,133.9 2 0
github.com/retail-ai-inc/beanq/v4/internal/routers/dlq_handler.go:136.2,137.47 2 0
github.com/retail-ai-inc/beanq/v4/internal/routers/dlq_handler.go:137.47,142.3 4 0
github.com/retail-ai-inc/beanq/v4/internal/routers/dlq_handler.go:144.2,144.50 1 0
github.com/retail-ai-inc/beanq/v4/internal/routers/dlq_handler.go:144.50,149.3 4 0
github.com/retail-ai-inc/beanq/v4/internal/routers/dlq_handler.go:150.2,150.32 1 0
github.com/retail-ai-inc/beanq/v4/internal/routers/event_log_handler.go:28.91,30.2 1 0
github.com/retail-ai-inc/beanq/v4/internal/routers/event_log_handler.go:32.65,35.15 2 0
github.com/retail-ai-inc/beanq/v4/internal/routers/event_log_handler.go:35.15,37.3 1 0
github.com/retail-ai-inc/beanq/v4/internal/routers/event_log_handler.go:39.2,51.14 11 0
github.com/retail-ai-inc/beanq/v4/internal/routers/event_log_handler.go:51.14,53.3 1 0
github.com/retail-ai-inc/beanq/v4/internal/routers/event_log_handler.go:54.2,54.20 1 0
github.com/retail-ai-inc/beanq/v4/internal/routers/event_log_handler.go:54.20,56.3 1 0
github.com/retail-ai-inc/beanq/v4/internal/routers/event_log_handler.go:57.2,57.21 1 0
github.com/retail-ai-inc/beanq/v4/internal/routers/event_log_handler.go:57.21,59.3 1 0
github.com/retail-ai-inc/beanq/v4/internal/routers/event_log_handler.go:60.2,60.18 1 0
github.com/retail-ai-inc/beanq/v4/internal/routers/event_log_handler.go:60.18,62.113 2 0
github.com/retail-ai-inc/beanq/v4/internal/routers/event_log_handler.go:62.113,64.4 1 0
github.com/retail-ai-inc/beanq/v4/internal/routers/event_log_handler.go:64.9,67.4 2 0
github.com/retail-ai-inc/beanq/v4/internal/routers/event_log_handler.go:69.2,69.15 1 0
github.com/retail-ai-inc/beanq/v4/internal/routers/event_log_handler.go:69.15,71.3 1 0
github.com/retail-ai-inc/beanq/v4/internal/routers/event_log_handler.go:72.2,72.19 1 0
github.com/retail-ai-inc/beanq/v4/internal/routers/event_log_handler.go:72.19,74.3 1 0
github.com/retail-ai-inc/beanq/v4/internal/routers/event_log_handler.go:75.2,76.9 2 0
github.com/retail-ai-inc/beanq/v4/internal/routers/event_log_handler.go:76.9,79.3 2 0
github.com/retail-ai-inc/beanq/v4/internal/routers/event_log_handler.go:80.2,90.6 8 0
github.com/retail-ai-inc/beanq/v4/internal/routers/event_log_handler.go:90.6,91.10 1 0
github.com/retail-ai-inc/beanq/v4/internal/routers/event_log_handler.go:92.22,93.10 1 0
github.com/retail-ai-inc/beanq/v4/internal/routers/event_log_handler.go:94.19,97.18 2 0
github.com/retail-ai-inc/beanq/v4/internal/routers/event_log_handler.go:97.18,100.5 2 0
github.com/retail-ai-inc/beanq/v4/internal/routers/event_log_handler.go:101.4,101.18 1 0
github.com/retail-ai-inc/beanq/v4/internal/routers/event_log_handler.go:101.18,106.5 4 0
github.com/retail-ai-inc/beanq/v4/internal/routers/event_log_handler.go:108.4,110.33 3 0
github.com/retail-ai-inc/beanq/v4/internal/routers/event_log_handler.go:115.67,122.16 5 0
github.com/retail-ai-inc/beanq/v4/internal/routers/event_log_handler.go:122.16,128.3 4 0
github.com/retail-ai-inc/beanq/v4/internal/routers/event_log_handler.go:129.2,130.32 2 0
github.com/retail-ai-inc/beanq/v4/internal/routers/event_log_handler.go:133.67,140.16 5 0
github.com/retail-ai-inc/beanq/v4/internal/routers/event_log_handler.go:140.16,145.3 4 0
github.com/retail-ai-inc/beanq/v4/internal/routers/event_log_handler.go:146.2,147.32 2 0
github.com/retail-ai-inc/beanq/v4/internal/routers/event_log_handler.go:150.65,158.16 6 0
github.com/retail-ai-inc/beanq/v4/internal/routers/event_log_handler.go:158.16,164.3 4 0
github.com/retail-ai-inc/beanq/v4/internal/routers/event_log_handler.go:165.2,166.32 2 0
github.com/retail-ai-inc/beanq/v4/internal/routers/event_log_handler.go:169.66,180.75 8 0
github.com/retail-ai-inc/beanq/v4/internal/routers/event_log_handler.go:180.75,186.3 4 0
github.com/retail-ai-inc/beanq/v4/internal/routers/event_log_handler.go:188.2,188.33 1 0
github.com/retail-ai-inc/beanq/v4/internal/routers/event_log_handler.go:188.33,189.47 1 0
github.com/retail-ai-inc/beanq/v4/internal/routers/event_log_handler.go:189.47,194.4 4 0
github.com/retail-ai-inc/beanq/v4/internal/routers/event_log_handler.go:196.2,197.35 2 0
github.com/retail-ai-inc/beanq/v4/internal/routers/event_log_handler.go:197.35,199.3 1 0
github.com/retail-ai-inc/beanq/v4/internal/routers/event_log_handler.go:200.2,200.34 1 0
github.com/retail-ai-inc/beanq/v4/internal/routers/event_log_handler.go:200.34,202.3 1 0
github.com/retail-ai-inc/beanq/v4/internal/routers/event_log_handler.go:203.2,205.32 3 0
github.com/retail-ai-inc/beanq/v4/internal/routers/event_log_handler.go:205.32,207.3 1 0
github.com/retail-ai-inc/beanq/v4/internal/routers/event_log_handler.go:208.2,210.29 3 0
github.com/retail-ai-inc/beanq/v4/internal/routers/event_log_handler.go:210.29,212.3 1 0
github.com/retail-ai-inc/beanq/v4/internal/routers/event_log_handler.go:214.2,215.16 2 0
github.com/retail-ai-inc/beanq/v4/internal/routers/event_log_handler.go:215.16,220.3 4 0
github.com/retail-ai-inc/beanq/v4/internal/routers/event_log_handler.go:221.2,221.8 1 0
github.com/retail-ai-inc/beanq/v4/internal/routers/event_log_handler.go:221.8,226.3 4 0
github.com/retail-ai-inc/beanq/v4/internal/routers/event_log_handler.go:228.2,229.40 2 0
github.com/retail-ai-inc/beanq/v4/internal/routers/event_log_handler.go:229.40,232.3 2 0
github.com/retail-ai-inc/beanq/v4/internal/routers/event_log_handler.go:233.2,233.37 1 0
github.com/retail-ai-inc/beanq/v4/internal/routers/event_log_handler.go:233.37,236.48 2 0
github.com/retail-ai-inc/beanq/v4/internal/routers/event_log_handler.go:236.48,241.4 4 0
github.com/retail-ai-inc/beanq/v4/internal/routers/event_log_handler.go:242.3,243.9 2 0
[...]
github.com/retail-ai-inc/beanq/v4/internal/routers/middleware.go:124.21,129.5 4 0
github.com/retail-ai-inc/beanq/v4/internal/routers/middleware.go:130.4,130.18 1 0
github.com/retail-ai-inc/beanq/v4/internal/routers/middleware.go:131.9,133.4 1 0
github.com/retail-ai-inc/beanq/v4/internal/routers/middleware.go:134.3,135.17 2 0
github.com/retail-ai-inc/beanq/v4/internal/routers/middleware.go:135.17,140.4 4 0
github.com/retail-ai-inc/beanq/v4/internal/routers/middleware.go:142.3,142.41 1 0
github.com/retail-ai-inc/beanq/v4/internal/routers/middleware.go:142.41,143.61 1 0
github.com/retail-ai-inc/beanq/v4/internal/routers/middleware.go:143.61,148.5 4 0
github.com/retail-ai-inc/beanq/v4/internal/routers/middleware.go:151.3,151.41 1 0
github.com/retail-ai-inc/beanq/v4/internal/routers/middleware.go:151.41,153.18 2 0
github.com/retail-ai-inc/beanq/v4/internal/routers/middleware.go:153.18,154.76 1 0
github.com/retail-ai-inc/beanq/v4/internal/routers/middleware.go:154.76,159.6 4 0
github.com/retail-ai-inc/beanq/v4/internal/routers/middleware.go:163.3,163.201 1 0
github.com/retail-ai-inc/beanq/v4/internal/routers/middleware.go:163.201,168.4 4 0
github.com/retail-ai-inc/beanq/v4/internal/routers/middleware.go:169.3,170.13 2 0
github.com/retail-ai-inc/beanq/v4/internal/routers/pod_handler.go:20.85,27.2 1 0
github.com/retail-ai-inc/beanq/v4/internal/routers/pod_handler.go:29.60,36.22 5 0
github.com/retail-ai-inc/beanq/v4/internal/routers/pod_handler.go:36.22,41.3 4 0
github.com/retail-ai-inc/beanq/v4/internal/routers/pod_handler.go:43.2,44.35 2 0
github.com/retail-ai-inc/beanq/v4/internal/routers/queue_handler.go:18.67,20.2 1 0
github.com/retail-ai-inc/beanq/v4/internal/routers/queue_handler.go:22.62,27.16 4 0
github.com/retail-ai-inc/beanq/v4/internal/routers/queue_handler.go:27.16,32.3 4 0
github.com/retail-ai-inc/beanq/v4/internal/routers/queue_handler.go:34.2,35.35 2 0
github.com/retail-ai-inc/beanq/v4/internal/routers/queue_handler.go:38.64,40.2 1 0
github.com/retail-ai-inc/beanq/v4/internal/routers/queue_handler.go:42.103,48.9 4 0
github.com/retail-ai-inc/beanq/v4/internal/routers/queue_handler.go:48.9,50.3 1 0
github.com/retail-ai-inc/beanq/v4/internal/routers/queue_handler.go:51.2,62.6 9 0
github.com/retail-ai-inc/beanq/v4/internal/routers/queue_handler.go:62.6,63.10 1 0
github.com/retail-ai-inc/beanq/v4/internal/routers/queue_handler.go:64.21,65.10 1 0
github.com/retail-ai-inc/beanq/v4/internal/routers/queue_handler.go:66.19,69.18 2 0
github.com/retail-ai-inc/beanq/v4/internal/routers/queue_handler.go:69.18,72.5 2 0
github.com/retail-ai-inc/beanq/v4/internal/routers/queue_handler.go:74.4,74.18 1 0
github.com/retail-ai-inc/beanq/v4/internal/routers/queue_handler.go:74.18,76.5 1 0
github.com/retail-ai-inc/beanq/v4/internal/routers/queue_handler.go:77.4,79.34 3 0
github.com/retail-ai-inc/beanq/v4/internal/routers/redis_info_handler.go:27.97,29.2 1 0
github.com/retail-ai-inc/beanq/v4/internal/routers/redis_info_handler.go:30.66,36.9 4 0
github.com/retail-ai-inc/beanq/v4/internal/routers/redis_info_handler.go:36.9,40.3 3 0
github.com/retail-ai-inc/beanq/v4/internal/routers/redis_info_handler.go:41.2,62.6 10 0
github.com/retail-ai-inc/beanq/v4/internal/routers/redis_info_handler.go:62.6,63.10 1 0
github.com/retail-ai-inc/beanq/v4/internal/routers/redis_info_handler.go:64.22,65.10 1 0
github.com/retail-ai-inc/beanq/v4/internal/routers/redis_info_handler.go:66.19,68.18 2 0
github.com/retail-ai-inc/beanq/v4/internal/routers/redis_info_handler.go:68.18,74.5 5 0
github.com/retail-ai-inc/beanq/v4/internal/routers/redis_info_handler.go:75.4,76.18 2 0
github.com/retail-ai-inc/beanq/v4/internal/routers/redis_info_handler.go:76.18,82.5 5 0
github.com/retail-ai-inc/beanq/v4/internal/routers/redis_info_handler.go:84.4,85.18 2 0
github.com/retail-ai-inc/beanq/v4/internal/routers/redis_info_handler.go:85.18,91.5 5 0
github.com/retail-ai-inc/beanq/v4/internal/routers/redis_info_handler.go:93.4,94.18 2 0
github.com/retail-ai-inc/beanq/v4/internal/routers/redis_info_handler.go:94.18,100.5 5 0
github.com/retail-ai-inc/beanq/v4/internal/routers/redis_info_handler.go:102.4,103.18 2 0
github.com/retail-ai-inc/beanq/v4/internal/routers/redis_info_handler.go:103.18,109.5 5 0
github.com/retail-ai-inc/beanq/v4/internal/routers/redis_info_handler.go:111.4,112.18 2 0
github.com/retail-ai-inc/beanq/v4/internal/routers/redis_info_handler.go:112.18,118.5 5 0
github.com/retail-ai-inc/beanq/v4/internal/routers/redis_info_handler.go:120.4,131.34 4 0
github.com/retail-ai-inc/beanq/v4/internal/routers/redis_info_handler.go:137.69,149.9 8 0
github.com/retail-ai-inc/beanq/v4/internal/routers/redis_info_handler.go:149.9,152.3 2 0
github.com/retail-ai-inc/beanq/v4/internal/routers/redis_info_handler.go:153.2,160.6 6 0
github.com/retail-ai-inc/beanq/v4/internal/routers/redis_info_handler.go:160.6,161.10 1 0
github.com/retail-ai-inc/beanq/v4/internal/routers/redis_info_handler.go:162.29,163.10 1 0
github.com/retail-ai-inc/beanq/v4/internal/routers/redis_info_handler.go:164.19,167.18 2 0
github.com/retail-ai-inc/beanq/v4/internal/routers/redis_info_handler.go:167.18,172.5 4 0
github.com/retail-ai-inc/beanq/v4/internal/routers/redis_info_handler.go:173.4,174.35 2 0
github.com/retail-ai-inc/beanq/v4/internal/routers/redis_info_handler.go:174.35,175.13 1 0
github.com/retail-ai-inc/beanq/v4/internal/routers/redis_info_handler.go:177.4,180.29 4 0
github.com/retail-ai-inc/beanq/v4/internal/routers/redis_info_handler.go:185.66,191.16 4 0
github.com/retail-ai-inc/beanq/v4/internal/routers/redis_info_handler.go:191.16,196.3 4 0
github.com/retail-ai-inc/beanq/v4/internal/routers/redis_info_handler.go:197.2,198.32 2 0
github.com/retail-ai-inc/beanq/v4/internal/routers/redis_info_handler.go:201.71,207.16 5 0
github.com/retail-ai-inc/beanq/v4/internal/routers/redis_info_handler.go:207.16,212.3 4 0
github.com/retail-ai-inc/beanq/v4/internal/routers/redis_info_handler.go:213.2,214.32 2 0
github.com/retail-ai-inc/beanq/v4/internal/routers/redis_info_handler.go:217.68,224.49 5 0
github.com/retail-ai-inc/beanq/v4/internal/routers/redis_info_handler.go:224.49,229.3 4 0
github.com/retail-ai-inc/beanq/v4/internal/routers/redis_info_handler.go:230.2,231.61 2 0
github.com/retail-ai-inc/beanq/v4/internal/routers/redis_info_handler.go:231.61,236.3 4 0
github.com/retail-ai-inc/beanq/v4/internal/routers/redis_info_handler.go:238.2,238.62 1 0
github.com/retail-ai-inc/beanq/v4/internal/routers/redis_info_handler.go:238.62,243.3 4 0
github.com/retail-ai-inc/beanq/v4/internal/routers/redis_info_handler.go:245.2,245.32 1 0
github.com/retail-ai-inc/beanq/v4/internal/routers/redis_info_handler.go:248.72,253.16 4 0
github.com/retail-ai-inc/beanq/v4/internal/routers/redis_info_handler.go:253.16,258.3 4 0
github.com/retail-ai-inc/beanq/v4/internal/routers/redis_info_handler.go:259.2,260.32 2 0
github.com/retail-ai-inc/beanq/v4/internal/routers/role_handler.go:17.42,19.2 1 0
github.com/retail-ai-inc/beanq/v4/internal/routers/role_handler.go:21.61,29.16 6 0
github.com/retail-ai-inc/beanq/v4/internal/routers/role_handler.go:29.16,34.3 4 0
github.com/retail-ai-inc/beanq/v4/internal/routers/role_handler.go:35.2,36.32 2 0
github.com/retail-ai-inc/beanq/v4/internal/routers/role_handler.go:39.60,46.16 5 0
github.com/retail-ai-inc/beanq/v4/internal/routers/role_handler.go:46.16,51.3 4 0
github.com/retail-ai-inc/beanq/v4/internal/routers/role_handler.go:52.2,53.61 2 0
github.com/retail-ai-inc/beanq/v4/internal/routers/role_handler.go:53.61,58.3 4 0
github.com/retail-ai-inc/beanq/v4/internal/routers/role_handler.go:59.2,62.17 1 0
github.com/retail-ai-inc/beanq/v4/internal/routers/role_handler.go:62.17,67.3 4 0
github.com/retail-ai-inc/beanq/v4/internal/routers/role_handler.go:68.2,68.32 1 0
github.com/retail-ai-inc/beanq/v4/internal/routers/role_handler.go:71.63,77.14 4 0
github.com/retail-ai-inc/beanq/v4/internal/routers/role_handler.go:77.14,82.3 4 0
github.com/retail-ai-inc/beanq/v4/internal/routers/role_handler.go:84.2,84.61 1 0
github.com/retail-ai-inc/beanq/v4/internal/routers/role_handler.go:84.61,89.3 4 0
github.com/retail-ai-inc/beanq/v4/internal/routers/role_handler.go:90.2,90.32 1 0
github.com/retail-ai-inc/beanq/v4/internal/routers/role_handler.go:93.61,99.14 4 0
github.com/retail-ai-inc/beanq/v4/internal/routers/role_handler.go:99.14,104.3 4 0
github.com/retail-ai-inc/beanq/v4/internal/routers/role_handler.go:105.2,107.61 3 0
github.com/retail-ai-inc/beanq/v4/internal/routers/role_handler.go:107.61,112.3 4 0
github.com/retail-ai-inc/beanq/v4/internal/routers/role_handler.go:114.2,114.90 1 0
github.com/retail-ai-inc/beanq/v4/internal/routers/role_handler.go:114.90,119.3 4 0
github.com/retail-ai-inc/beanq/v4/internal/routers/role_handler.go:120.2,120.32 1 0
github.com/retail-ai-inc/beanq/v4/internal/routers/routers.go:44.27,64.82 2 0
github.com/retail-ai-inc/beanq/v4/internal/routers/routers.go:64.82,67.17 2 0
github.com/retail-ai-inc/beanq/v4/internal/routers/routers.go:67.17,69.4 1 0
github.com/retail-ai-inc/beanq/v4/internal/routers/routers.go:71.3,72.18 2 0
github.com/retail-ai-inc/beanq/v4/internal/routers/routers.go:72.18,74.4 1 0
github.com/retail-ai-inc/beanq/v4/internal/routers/routers.go:75.3,76.17 2 0
github.com/retail-ai-inc/beanq/v4/internal/routers/routers.go:76.17,79.4 2 0
github.com/retail-ai-inc/beanq/v4/internal/routers/routers.go:81.3,82.28 2 0
github.com/retail-ai-inc/beanq/v4/internal/routers/routers.go:82.28,84.89 2 0
github.com/retail-ai-inc/beanq/v4/internal/routers/routers.go:84.89,87.5 2 0
github.com/retail-ai-inc/beanq/v4/internal/routers/routers.go:89.3,93.133 3 0
github.com/retail-ai-inc/beanq/v4/internal/routers/routers.go:93.133,96.4 2 0
github.com/retail-ai-inc/beanq/v4/internal/routers/routers.go:98.3,102.17 4 0
github.com/retail-ai-inc/beanq/v4/internal/routers/routers.go:102.17,105.4 2 0
github.com/retail-ai-inc/beanq/v4/internal/routers/routers.go:106.3,108.32 2 0
github.com/retail-ai-inc/beanq/v4/internal/routers/routers.go:111.2,111.86 1 0
github.com/retail-ai-inc/beanq/v4/internal/routers/routers.go:111.86,114.3 2 0
github.com/retail-ai-inc/beanq/v4/internal/routers/routers.go:115.2,172.92 46 0
github.com/retail-ai-inc/beanq/v4/internal/routers/schedule_handler.go:18.73,20.2 1 0
github.com/retail-ai-inc/beanq/v4/internal/routers/schedule_handler.go:22.65,35.16 8 0
github.com/retail-ai-inc/beanq/v4/internal/routers/schedule_handler.go:35.16,40.3 4 0
github.com/retail-ai-inc/beanq/v4/internal/routers/schedule_handler.go:42.2,43.29 2 0
github.com/retail-ai-inc/beanq/v4/internal/routers/schedule_handler.go:43.29,46.19 2 0
github.com/retail-ai-inc/beanq/v4/internal/routers/schedule_handler.go:46.19,47.12 1 0
github.com/retail-ai-inc/beanq/v4/internal/routers/schedule_handler.go:49.3,53.17 4 0
github.com/retail-ai-inc/beanq/v4/internal/routers/schedule_handler.go:53.17,54.12 1 0
github.com/retail-ai-inc/beanq/v4/internal/routers/schedule_handler.go:56.3,65.46 2 0
github.com/retail-ai-inc/beanq/v4/internal/routers/schedule_handler.go:68.2,69.35 2 0
github.com/retail-ai-inc/beanq/v4/internal/routers/sequence_lock_handler.go:17.81,22.2 1 0
github.com/retail-ai-inc/beanq/v4/internal/routers/sequence_lock_handler.go:24.69,35.16 8 0
github.com/retail-ai-inc/beanq/v4/internal/routers/sequence_lock_handler.go:35.16,40.3 4 0
github.com/retail-ai-inc/beanq/v4/internal/routers/sequence_lock_handler.go:41.2,42.35 2 0
github.com/retail-ai-inc/beanq/v4/internal/routers/sequence_lock_handler.go:44.71,50.19 4 0
github.com/retail-ai-inc/beanq/v4/internal/routers/sequence_lock_handler.go:50.19,55.3 4 0
github.com/retail-ai-inc/beanq/v4/internal/routers/sequence_lock_handler.go:57.2,57.119 1 0
github.com/retail-ai-inc/beanq/v4/internal/routers/sequence_lock_handler.go:57.119,62.3 4 0
github.com/retail-ai-inc/beanq/v4/internal/routers/sequence_lock_handler.go:63.2,63.35 1 0
github.com/retail-ai-inc/beanq/v4/internal/routers/tool.go:24.104,31.37 4 0
github.com/retail-ai-inc/beanq/v4/internal/routers/tool.go:31.37,33.3 1 0
github.com/retail-ai-inc/beanq/v4/internal/routers/tool.go:35.2,37.25 2 0
github.com/retail-ai-inc/beanq/v4/internal/routers/tool.go:37.25,39.21 2 0
github.com/retail-ai-inc/beanq/v4/internal/routers/tool.go:39.21,40.19 1 0
github.com/retail-ai-inc/beanq/v4/internal/routers/tool.go:41.20,42.29 1 0
github.com/retail-ai-inc/beanq/v4/internal/routers/tool.go:43.20,44.42 1 0
github.com/retail-ai-inc/beanq/v4/internal/routers/tool.go:45.20,46.30 1 0
github.com/retail-ai-inc/beanq/v4/internal/routers/tool.go:47.28,48.50 1 0
github.com/retail-ai-inc/beanq/v4/internal/routers/tool.go:49.15,50.37 1 0
github.com/retail-ai-inc/beanq/v4/internal/routers/tool.go:51.28,52.48 1 0
github.com/retail-ai-inc/beanq/v4/internal/routers/tool.go:56.2,56.8 1 0
github.com/retail-ai-inc/beanq/v4/internal/routers/tool.go:59.104,61.2 1 0
github.com/retail-ai-inc/beanq/v4/internal/routers/tool.go:63.101,65.2 1 0
github.com/retail-ai-inc/beanq/v4/internal/routers/tool.go:67.79,69.2 1 0
github.com/retail-ai-inc/beanq/v4/internal/routers/tool.go:71.143,73.2 1 0
github.com/retail-ai-inc/beanq/v4/internal/routers/tool.go:75.121,77.2 1 0
github.com/retail-ai-inc/beanq/v4/internal/routers/tool.go:79.102,81.2 1 0
github.com/retail-ai-inc/beanq/v4/internal/routers/tool.go:83.139,85.2 1 0
github.com/retail-ai-inc/beanq/v4/internal/routers/tool.go:87.124,90.22 2 0
github.com/retail-ai-inc/beanq/v4/internal/routers/tool.go:90.22,92.3 1 0
github.com/retail-ai-inc/beanq/v4/internal/routers/tool.go:94.2,95.16 2 0
github.com/retail-ai-inc/beanq/v4/internal/routers/tool.go:95.16,97.3 1 0
github.com/retail-ai-inc/beanq/v4/internal/routers/tool.go:99.2,102.16 3 0
github.com/retail-ai-inc/beanq/v4/internal/routers/tool.go:102.16,104.3 1 0
github.com/retail-ai-inc/beanq/v4/internal/routers/tool.go:105.2,106.27 2 0
github.com/retail-ai-inc/beanq/v4/internal/routers/tool.go:106.27,110.17 3 0
github.com/retail-ai-inc/beanq/v4/internal/routers/tool.go:110.17,111.12 1 0
github.com/retail-ai-inc/beanq/v4/internal/routers/tool.go:113.3,122.23 9 0
github.com/retail-ai-inc/beanq/v4/internal/routers/tool.go:122.23,124.4 1 0
github.com/retail-ai-inc/beanq/v4/internal/routers/tool.go:126.3,127.170 2 0
github.com/retail-ai-inc/beanq/v4/internal/routers/tool.go:130.2,130.56 1 0
github.com/retail-ai-inc/beanq/v4/internal/routers/tool.go:161.95,166.16 3 0
github.com/retail-ai-inc/beanq/v4/internal/routers/tool.go:166.16,168.3 1 0
github.com/retail-ai-inc/beanq/v4/internal/routers/tool.go:170.2,171.31 2 0
github.com/retail-ai-inc/beanq/v4/internal/routers/tool.go:171.31,174.19 2 0
github.com/retail-ai-inc/beanq/v4/internal/routers/tool.go:174.19,175.12 1 0
github.com/retail-ai-inc/beanq/v4/internal/routers/tool.go:177.3,190.46 5 0
github.com/retail-ai-inc/beanq/v4/internal/routers/tool.go:193.2,193.18 1 0
github.com/retail-ai-inc/beanq/v4/internal/routers/tool.go:195.45,197.2 1 0
github.com/retail-ai-inc/beanq/v4/internal/routers/tool.go:198.37,200.2 1 0
github.com/retail-ai-inc/beanq/v4/internal/routers/tool.go:202.60,216.2 5 0
github.com/retail-ai-inc/beanq/v4/internal/routers/user_handler.go:27.93,29.2 1 0
github.com/retail-ai-inc/beanq/v4/internal/routers/user_handler.go:31.61,41.19 7 0
github.com/retail-ai-inc/beanq/v4/internal/routers/user_handler.go:41.19,46.3 1 0
github.com/retail-ai-inc/beanq/v4/internal/routers/user_handler.go:48.2,50.16 2 0
github.com/retail-ai-inc/beanq/v4/internal/routers/user_handler.go:50.16,55.3 4 0
github.com/retail-ai-inc/beanq/v4/internal/routers/user_handler.go:56.2,57.32 2 0
github.com/retail-ai-inc/beanq/v4/internal/routers/user_handler.go:61.60,72.19 9 0
github.com/retail-ai-inc/beanq/v4/internal/routers/user_handler.go:72.19,77.3 4 0
github.com/retail-ai-inc/beanq/v4/internal/routers/user_handler.go:79.2,86.17 1 0
github.com/retail-ai-inc/beanq/v4/internal/routers/user_handler.go:86.17,91.3 4 0
github.com/retail-ai-inc/beanq/v4/internal/routers/user_handler.go:93.2,93.32 1 0
github.com/retail-ai-inc/beanq/v4/internal/routers/user_handler.go:93.32,100.39 6 0
github.com/retail-ai-inc/beanq/v4/internal/routers/user_handler.go:100.39,102.4 1 0
github.com/retail-ai-inc/beanq/v4/internal/routers/user_handler.go:105.2,105.32 1 0
github.com/retail-ai-inc/beanq/v4/internal/routers/user_handler.go:112.63,119.14 4 0
github.com/retail-ai-inc/beanq/v4/internal/routers/user_handler.go:119.14,124.3 4 0
github.com/retail-ai-inc/beanq/v4/internal/routers/user_handler.go:126.2,126.61 1 0
github.com/retail-ai-inc/beanq/v4/internal/routers/user_handler.go:126.61,131.3 4 0
github.com/retail-ai-inc/beanq/v4/internal/routers/user_handler.go:132.2,132.32 1 0
github.com/retail-ai-inc/beanq/v4/internal/routers/user_handler.go:135.61,141.14 4 0
github.com/retail-ai-inc/beanq/v4/internal/routers/user_handler.go:141.14,146.3 4 0
github.com/retail-ai-inc/beanq/v4/internal/routers/user_handler.go:147.2,154.184 7 0
github.com/retail-ai-inc/beanq/v4/internal/routers/user_handler.go:154.184,159.3 4 0
github.com/retail-ai-inc/beanq/v4/internal/routers/user_handler.go:160.2,160.32 1 0
github.com/retail-ai-inc/beanq/v4/internal/routers/user_handler.go:163.62,171.65 5 0
github.com/retail-ai-inc/beanq/v4/internal/routers/user_handler.go:171.65,174.3 2 0
github.com/retail-ai-inc/beanq/v4/internal/routers/user_handler.go:176.2,176.80 1 0
github.com/retail-ai-inc/beanq/v4/internal/routers/user_handler.go:176.80,179.3 2 0
github.com/retail-ai-inc/beanq/v4/internal/routers/user_handler.go:180.2,183.32 4 0
github.com/retail-ai-inc/beanq/v4/internal/routers/workflow_handler.go:20.58,22.2 1 0
github.com/retail-ai-inc/beanq/v4/internal/routers/workflow_handler.go:24.65,32.15 6 0
github.com/retail-ai-inc/beanq/v4/internal/routers/workflow_handler.go:32.15,34.3 1 0
github.com/retail-ai-inc/beanq/v4/internal/routers/workflow_handler.go:35.2,35.19 1 0
github.com/retail-ai-inc/beanq/v4/internal/routers/workflow_handler.go:35.19,37.3 1 0
github.com/retail-ai-inc/beanq/v4/internal/routers/workflow_handler.go:39.2,42.14 3 0
github.com/retail-ai-inc/beanq/v4/internal/routers/workflow_handler.go:42.14,44.3 1 0
github.com/retail-ai-inc/beanq/v4/internal/routers/workflow_handler.go:45.2,51.52 6 0
github.com/retail-ai-inc/beanq/v4/internal/routers/workflow_handler.go:51.52,53.3 1 0
github.com/retail-ai-inc/beanq/v4/internal/routers/workflow_handler.go:54.2,54.46 1 0
github.com/retail-ai-inc/beanq/v4/internal/routers/workflow_handler.go:54.46,56.3 1 0
github.com/retail-ai-inc/beanq/v4/internal/routers/workflow_handler.go:57.2,57.49 1 0
github.com/retail-ai-inc/beanq/v4/internal/routers/workflow_handler.go:57.49,59.3 1 0
github.com/retail-ai-inc/beanq/v4/internal/routers/workflow_handler.go:60.2,61.15 2 0
github.com/retail-ai-inc/beanq/v4/internal/routers/workflow_handler.go:61.15,63.3 1 0
github.com/retail-ai-inc/beanq/v4/internal/routers/workflow_handler.go:64.2,64.16 1 0
github.com/retail-ai-inc/beanq/v4/internal/routers/workflow_handler.go:64.16,69.3 4 0
github.com/retail-ai-inc/beanq/v4/internal/routers/workflow_handler.go:70.2,71.47 2 0
github.com/retail-ai-inc/beanq/v4/internal/routers/workflow_handler.go:71.47,76.3 4 0
github.com/retail-ai-inc/beanq/v4/internal/routers/workflow_handler.go:77.2,78.16 2 0
github.com/retail-ai-inc/beanq/v4/internal/routers/workflow_handler.go:78.16,83.3 4 0
github.com/retail-ai-inc/beanq/v4/internal/routers/workflow_handler.go:84.2,89.35 6 0
github.com/retail-ai-inc/beanq/v4/internal/routers/workflow_handler.go:92.67,101.14 6 0
github.com/retail-ai-inc/beanq/v4/internal/routers/workflow_handler.go:101.14,103.17 2 0
github.com/retail-ai-inc/beanq/v4/internal/routers/workflow_handler.go:103.17,108.4 4 0
github.com/retail-ai-inc/beanq/v4/internal/routers/workflow_handler.go:109.3,109.22 1 0
github.com/retail-ai-inc/beanq/v4/internal/routers/workflow_handler.go:112.2,113.16 2 0
github.com/retail-ai-inc/beanq/v4/internal/routers/workflow_handler.go:113.16,118.3 4 0
github.com/retail-ai-inc/beanq/v4/internal/routers/workflow_handler.go:120.2,121.32 2 0
